[35m[1mConsolidate compiler generated dependencies of target enemy_marker_node[0m
[ 50%] [32mBuilding CXX object CMakeFiles/enemy_marker_node.dir/src/enemy_marker_node.cpp.o[0m
[100%] [32m[1mLinking CXX executable enemy_marker_node[0m
[100%] Built target enemy_marker_node
-- Install configuration: ""
-- Installing: /home/dxtl/RM2025第二轮考核/ros2_ws/install/enemy_marker_publisher/lib/enemy_marker_publisher/enemy_marker_node
-- Set runtime path of "/home/dxtl/RM2025第二轮考核/ros2_ws/install/enemy_marker_publisher/lib/enemy_marker_publisher/enemy_marker_node" to ""
-- Up-to-date: /home/dxtl/RM2025第二轮考核/ros2_ws/install/enemy_marker_publisher/share/ament_index/resource_index/package_run_dependencies/enemy_marker_publisher
-- Up-to-date: /home/dxtl/RM2025第二轮考核/ros2_ws/install/enemy_marker_publisher/share/ament_index/resource_index/parent_prefix_path/enemy_marker_publisher
-- Up-to-date: /home/dxtl/RM2025第二轮考核/ros2_ws/install/enemy_marker_publisher/share/enemy_marker_publisher/environment/ament_prefix_path.sh
-- Up-to-date: /home/dxtl/RM2025第二轮考核/ros2_ws/install/enemy_marker_publisher/share/enemy_marker_publisher/environment/ament_prefix_path.dsv
-- Up-to-date: /home/dxtl/RM2025第二轮考核/ros2_ws/install/enemy_marker_publisher/share/enemy_marker_publisher/environment/path.sh
-- Up-to-date: /home/dxtl/RM2025第二轮考核/ros2_ws/install/enemy_marker_publisher/share/enemy_marker_publisher/environment/path.dsv
-- Up-to-date: /home/dxtl/RM2025第二轮考核/ros2_ws/install/enemy_marker_publisher/share/enemy_marker_publisher/local_setup.bash
-- Up-to-date: /home/dxtl/RM2025第二轮考核/ros2_ws/install/enemy_marker_publisher/share/enemy_marker_publisher/local_setup.sh
-- Up-to-date: /home/dxtl/RM2025第二轮考核/ros2_ws/install/enemy_marker_publisher/share/enemy_marker_publisher/local_setup.zsh
-- Up-to-date: /home/dxtl/RM2025第二轮考核/ros2_ws/install/enemy_marker_publisher/share/enemy_marker_publisher/local_setup.dsv
-- Installing: /home/dxtl/RM2025第二轮考核/ros2_ws/install/enemy_marker_publisher/share/enemy_marker_publisher/package.dsv
-- Up-to-date: /home/dxtl/RM2025第二轮考核/ros2_ws/install/enemy_marker_publisher/share/ament_index/resource_index/packages/enemy_marker_publisher
-- Up-to-date: /home/dxtl/RM2025第二轮考核/ros2_ws/install/enemy_marker_publisher/share/enemy_marker_publisher/cmake/enemy_marker_publisherConfig.cmake
-- Up-to-date: /home/dxtl/RM2025第二轮考核/ros2_ws/install/enemy_marker_publisher/share/enemy_marker_publisher/cmake/enemy_marker_publisherConfig-version.cmake
-- Up-to-date: /home/dxtl/RM2025第二轮考核/ros2_ws/install/enemy_marker_publisher/share/enemy_marker_publisher/package.xml
