[0.024s] Invoking command in '/home/dxtl/RM2025第二轮考核/ros2_ws/build/enemy_detector': CMAKE_PREFIX_PATH=${CMAKE_PREFIX_PATH}:/opt/ros/humble /usr/bin/cmake --build /home/dxtl/RM2025第二轮考核/ros2_ws/build/enemy_detector -- -j8 -l8
[0.105s] [35m[1mConsolidate compiler generated dependencies of target enemy_coordinates_node[0m
[0.138s] [ 50%] [32mBuilding CXX object CMakeFiles/enemy_coordinates_node.dir/src/enemy_coordinates_node.cpp.o[0m
[18.293s] [100%] [32m[1mLinking CXX executable enemy_coordinates_node[0m
[19.194s] [100%] Built target enemy_coordinates_node
[19.219s] Invoked command in '/home/dxtl/RM2025第二轮考核/ros2_ws/build/enemy_detector' returned '0': CMAKE_PREFIX_PATH=${CMAKE_PREFIX_PATH}:/opt/ros/humble /usr/bin/cmake --build /home/dxtl/RM2025第二轮考核/ros2_ws/build/enemy_detector -- -j8 -l8
[19.284s] Invoking command in '/home/dxtl/RM2025第二轮考核/ros2_ws/build/enemy_detector': CMAKE_PREFIX_PATH=${CMAKE_PREFIX_PATH}:/opt/ros/humble /usr/bin/cmake --install /home/dxtl/RM2025第二轮考核/ros2_ws/build/enemy_detector
[19.300s] -- Install configuration: ""
[19.301s] -- Installing: /home/dxtl/RM2025第二轮考核/ros2_ws/install/enemy_detector/lib/enemy_detector/enemy_coordinates_node
[19.306s] -- Set runtime path of "/home/dxtl/RM2025第二轮考核/ros2_ws/install/enemy_detector/lib/enemy_detector/enemy_coordinates_node" to ""
[19.306s] -- Up-to-date: /home/dxtl/RM2025第二轮考核/ros2_ws/install/enemy_detector/share/ament_index/resource_index/package_run_dependencies/enemy_detector
[19.306s] -- Up-to-date: /home/dxtl/RM2025第二轮考核/ros2_ws/install/enemy_detector/share/ament_index/resource_index/parent_prefix_path/enemy_detector
[19.307s] -- Up-to-date: /home/dxtl/RM2025第二轮考核/ros2_ws/install/enemy_detector/share/enemy_detector/environment/ament_prefix_path.sh
[19.307s] -- Up-to-date: /home/dxtl/RM2025第二轮考核/ros2_ws/install/enemy_detector/share/enemy_detector/environment/ament_prefix_path.dsv
[19.307s] -- Up-to-date: /home/dxtl/RM2025第二轮考核/ros2_ws/install/enemy_detector/share/enemy_detector/environment/path.sh
[19.307s] -- Up-to-date: /home/dxtl/RM2025第二轮考核/ros2_ws/install/enemy_detector/share/enemy_detector/environment/path.dsv
[19.307s] -- Up-to-date: /home/dxtl/RM2025第二轮考核/ros2_ws/install/enemy_detector/share/enemy_detector/local_setup.bash
[19.307s] -- Up-to-date: /home/dxtl/RM2025第二轮考核/ros2_ws/install/enemy_detector/share/enemy_detector/local_setup.sh
[19.307s] -- Up-to-date: /home/dxtl/RM2025第二轮考核/ros2_ws/install/enemy_detector/share/enemy_detector/local_setup.zsh
[19.308s] -- Up-to-date: /home/dxtl/RM2025第二轮考核/ros2_ws/install/enemy_detector/share/enemy_detector/local_setup.dsv
[19.308s] -- Installing: /home/dxtl/RM2025第二轮考核/ros2_ws/install/enemy_detector/share/enemy_detector/package.dsv
[19.308s] -- Up-to-date: /home/dxtl/RM2025第二轮考核/ros2_ws/install/enemy_detector/share/ament_index/resource_index/packages/enemy_detector
[19.308s] -- Up-to-date: /home/dxtl/RM2025第二轮考核/ros2_ws/install/enemy_detector/share/enemy_detector/cmake/enemy_detectorConfig.cmake
[19.308s] -- Up-to-date: /home/dxtl/RM2025第二轮考核/ros2_ws/install/enemy_detector/share/enemy_detector/cmake/enemy_detectorConfig-version.cmake
[19.308s] -- Up-to-date: /home/dxtl/RM2025第二轮考核/ros2_ws/install/enemy_detector/share/enemy_detector/package.xml
[19.312s] Invoked command in '/home/dxtl/RM2025第二轮考核/ros2_ws/build/enemy_detector' returned '0': CMAKE_PREFIX_PATH=${CMAKE_PREFIX_PATH}:/opt/ros/humble /usr/bin/cmake --install /home/dxtl/RM2025第二轮考核/ros2_ws/build/enemy_detector
