-- Found ament_cmake: 1.3.10 (/opt/ros/humble/share/ament_cmake/cmake)
-- Found rclcpp: 16.0.10 (/opt/ros/humble/share/rclcpp/cmake)
-- Found rosidl_generator_c: 3.1.5 (/opt/ros/humble/share/rosidl_generator_c/cmake)
-- Found rosidl_adapter: 3.1.5 (/opt/ros/humble/share/rosidl_adapter/cmake)
-- Found rosidl_generator_cpp: 3.1.5 (/opt/ros/humble/share/rosidl_generator_cpp/cmake)
-- Using all available rosidl_typesupport_c: rosidl_typesupport_fastrtps_c;rosidl_typesupport_introspection_c
-- Using all available rosidl_typesupport_cpp: rosidl_typesupport_fastrtps_cpp;rosidl_typesupport_introspection_cpp
-- Found rmw_implementation_cmake: 6.1.2 (/opt/ros/humble/share/rmw_implementation_cmake/cmake)
-- Found rmw_fastrtps_cpp: 6.2.7 (/opt/ros/humble/share/rmw_fastrtps_cpp/cmake)
-- Using RMW implementation 'rmw_fastrtps_cpp' as default
-- Found geometry_msgs: 4.2.4 (/opt/ros/humble/share/geometry_msgs/cmake)
-- Found tf2: 0.25.7 (/opt/ros/humble/share/tf2/cmake)
-- Found tf2_ros: 0.25.7 (/opt/ros/humble/share/tf2_ros/cmake)
-- Found tf2_geometry_msgs: 0.25.7 (/opt/ros/humble/share/tf2_geometry_msgs/cmake)
-- Found eigen3_cmake_module: 0.1.1 (/opt/ros/humble/share/eigen3_cmake_module/cmake)
-- Ensuring Eigen3 include directory is part of orocos-kdl CMake target
-- Found ament_lint_auto: 0.12.11 (/opt/ros/humble/share/ament_lint_auto/cmake)
-- Added test 'cppcheck' to perform static code analysis on C / C++ code
-- Configured cppcheck include dirs: 
-- Configured cppcheck exclude dirs and/or files: 
-- Added test 'lint_cmake' to check CMake code style
-- Added test 'uncrustify' to check C / C++ code style
-- Configured uncrustify additional arguments: 
-- Added test 'xmllint' to check XML markup files
-- Configuring done
-- Generating done
-- Build files have been written to: /home/dxtl/RM2025第二轮考核/ros2_ws/build/enemy_detector
[35m[1mConsolidate compiler generated dependencies of target enemy_coordinates_node[0m
[ 50%] [32mBuilding CXX object CMakeFiles/enemy_coordinates_node.dir/src/enemy_coordinates_node.cpp.o[0m
[01m[K/home/dxtl/RM2025第二轮考核/ros2_ws/src/enemy_detector/src/enemy_coordinates_node.cpp:[m[K In member function ‘[01m[Kvoid EnemyCoordsTransformNode::updateQueue()[m[K’:
[01m[K/home/dxtl/RM2025第二轮考核/ros2_ws/src/enemy_detector/src/enemy_coordinates_node.cpp:45:13:[m[K [01;31m[Kerror: [m[Kcould not convert ‘[01m[K((EnemyCoordsTransformNode*)this)->EnemyCoordsTransformNode::latest_coords_[m[K’ from ‘[01m[Kgeometry_msgs::msg::PointStamped[m[K’ {aka ‘[01m[Kgeometry_msgs::msg::PointStamped_<std::allocator<void> >[m[K’} to ‘[01m[Kbool[m[K’
   45 |         if ([01;31m[Klatest_coords_[m[K)
      |             [01;31m[K^~~~~~~~~~~~~~[m[K
      |             [01;31m[K|[m[K
      |             [01;31m[Kgeometry_msgs::msg::PointStamped {aka geometry_msgs::msg::PointStamped_<std::allocator<void> >}[m[K
[01m[K/home/dxtl/RM2025第二轮考核/ros2_ws/src/enemy_detector/src/enemy_coordinates_node.cpp:52:102:[m[K [01;31m[Kerror: [m[Kno matching function for call to ‘[01m[Kstd::chrono::duration<long int, std::ratio<1, 1000000000> >::duration(double)[m[K’
   52 | st_coords_, base_link_coords, "base_link", tf2::Duration(1.0[01;31m[K)[m[K); // 超时1秒
      |                                                             [01;31m[K^[m[K

In file included from [01m[K/usr/include/c++/11/mutex:39[m[K,
                 from [01m[K/usr/include/c++/11/future:38[m[K,
                 from [01m[K/opt/ros/humble/include/rclcpp/rclcpp/executors.hpp:18[m[K,
                 from [01m[K/opt/ros/humble/include/rclcpp/rclcpp/rclcpp.hpp:155[m[K,
                 from [01m[K/home/dxtl/RM2025第二轮考核/ros2_ws/src/enemy_detector/src/enemy_coordinates_node.cpp:1[m[K:
[01m[K/usr/include/c++/11/chrono:529:21:[m[K [01;36m[Knote: [m[Kcandidate: ‘[01m[Ktemplate<class _Rep2, class _Period2, class> constexpr std::chrono::duration<_Rep, _Period>::duration(const std::chrono::duration<_Rep, _Period>&) [with _Rep2 = _Rep2; _Period2 = _Period2; <template-parameter-2-3> = <template-parameter-1-3>; _Rep = long int; _Period = std::ratio<1, 1000000000>][m[K’
  529 |           constexpr [01;36m[Kduration[m[K(const duration<_Rep2, _Period2>& __d)
      |                     [01;36m[K^~~~~~~~[m[K
[01m[K/usr/include/c++/11/chrono:529:21:[m[K [01;36m[Knote: [m[K  template argument deduction/substitution failed:
[01m[K/home/dxtl/RM2025第二轮考核/ros2_ws/src/enemy_detector/src/enemy_coordinates_node.cpp:52:102:[m[K [01;36m[Knote: [m[K  mismatched types ‘[01m[Kconst std::chrono::duration<_Rep1, _Period1>[m[K’ and ‘[01m[Kdouble[m[K’
   52 | st_coords_, base_link_coords, "base_link", tf2::Duration(1.0[01;36m[K)[m[K); // 超时1秒
      |                                                             [01;36m[K^[m[K

In file included from [01m[K/usr/include/c++/11/mutex:39[m[K,
                 from [01m[K/usr/include/c++/11/future:38[m[K,
                 from [01m[K/opt/ros/humble/include/rclcpp/rclcpp/executors.hpp:18[m[K,
                 from [01m[K/opt/ros/humble/include/rclcpp/rclcpp/rclcpp.hpp:155[m[K,
                 from [01m[K/home/dxtl/RM2025第二轮考核/ros2_ws/src/enemy_detector/src/enemy_coordinates_node.cpp:1[m[K:
[01m[K/usr/include/c++/11/chrono:521:30:[m[K [01;36m[Knote: [m[Kcandidate: ‘[01m[Ktemplate<class _Rep2, class> constexpr std::chrono::duration<_Rep, _Period>::duration(const _Rep2&) [with _Rep2 = _Rep2; <template-parameter-2-2> = <template-parameter-1-2>; _Rep = long int; _Period = std::ratio<1, 1000000000>][m[K’
  521 |           constexpr explicit [01;36m[Kduration[m[K(const _Rep2& __rep)
      |                              [01;36m[K^~~~~~~~[m[K
[01m[K/usr/include/c++/11/chrono:521:30:[m[K [01;36m[Knote: [m[K  template argument deduction/substitution failed:
In file included from [01m[K/usr/include/c++/11/bits/move.h:57[m[K,
                 from [01m[K/usr/include/c++/11/bits/stl_pair.h:59[m[K,
                 from [01m[K/usr/include/c++/11/bits/stl_algobase.h:64[m[K,
                 from [01m[K/usr/include/c++/11/memory:63[m[K,
                 from [01m[K/opt/ros/humble/include/rclcpp/rclcpp/rclcpp.hpp:153[m[K,
                 from [01m[K/home/dxtl/RM2025第二轮考核/ros2_ws/src/enemy_detector/src/enemy_coordinates_node.cpp:1[m[K:
/usr/include/c++/11/type_traits: In substitution of ‘[01m[Ktemplate<bool _Cond, class _Tp> using __enable_if_t = typename std::enable_if::type [with bool _Cond = false; _Tp = void][m[K’:
[01m[K/usr/include/c++/11/type_traits:2209:11:[m[K   required by substitution of ‘[01m[Ktemplate<class ... _Cond> using _Require = std::__enable_if_t<std::__and_< <template-parameter-1-1> >::value> [with _Cond = {std::is_convertible<const double&, long int>, std::__or_<std::chrono::treat_as_floating_point<long int>, std::__not_<std::chrono::treat_as_floating_point<double> > >}][m[K’
[01m[K/usr/include/c++/11/chrono:518:27:[m[K   required from here
[01m[K/usr/include/c++/11/type_traits:2205:11:[m[K [01;31m[Kerror: [m[Kno type named ‘[01m[Ktype[m[K’ in ‘[01m[Kstruct std::enable_if<false, void>[m[K’
 2205 |     using [01;31m[K__enable_if_t[m[K = typename enable_if<_Cond, _Tp>::type;
      |           [01;31m[K^~~~~~~~~~~~~[m[K
In file included from [01m[K/usr/include/c++/11/mutex:39[m[K,
                 from [01m[K/usr/include/c++/11/future:38[m[K,
                 from [01m[K/opt/ros/humble/include/rclcpp/rclcpp/executors.hpp:18[m[K,
                 from [01m[K/opt/ros/humble/include/rclcpp/rclcpp/rclcpp.hpp:155[m[K,
                 from [01m[K/home/dxtl/RM2025第二轮考核/ros2_ws/src/enemy_detector/src/enemy_coordinates_node.cpp:1[m[K:
[01m[K/usr/include/c++/11/chrono:514:9:[m[K [01;36m[Knote: [m[Kcandidate: ‘[01m[Kconstexpr std::chrono::duration<_Rep, _Period>::duration(const std::chrono::duration<_Rep, _Period>&) [with _Rep = long int; _Period = std::ratio<1, 1000000000>][m[K’
  514 |         [01;36m[Kduration[m[K(const duration&) = default;
      |         [01;36m[K^~~~~~~~[m[K
[01m[K/usr/include/c++/11/chrono:514:18:[m[K [01;36m[Knote: [m[K  no known conversion for argument 1 from ‘[01m[Kdouble[m[K’ to ‘[01m[Kconst std::chrono::duration<long int, std::ratio<1, 1000000000> >&[m[K’
  514 |         duration([01;36m[Kconst duration&[m[K) = default;
      |                  [01;36m[K^~~~~~~~~~~~~~~[m[K
[01m[K/usr/include/c++/11/chrono:512:19:[m[K [01;36m[Knote: [m[Kcandidate: ‘[01m[Kstd::chrono::duration<_Rep, _Period>::duration() [with _Rep = long int; _Period = std::ratio<1, 1000000000>][m[K’
  512 |         constexpr [01;36m[Kduration[m[K() = default;
      |                   [01;36m[K^~~~~~~~[m[K
[01m[K/usr/include/c++/11/chrono:512:19:[m[K [01;36m[Knote: [m[K  candidate expects 0 arguments, 1 provided
gmake[2]: *** [CMakeFiles/enemy_coordinates_node.dir/build.make:76：CMakeFiles/enemy_coordinates_node.dir/src/enemy_coordinates_node.cpp.o] 错误 1
gmake[1]: *** [CMakeFiles/Makefile2:137：CMakeFiles/enemy_coordinates_node.dir/all] 错误 2
gmake: *** [Makefile:146：all] 错误 2
