[0.273s] DEBUG:colcon:Command line arguments: ['/usr/bin/colcon', 'build', '--packages-select', 'enemy_marker_publisher']
[0.273s] DEBUG:colcon:Parsed command line arguments: Namespace(log_base=None, log_level=None, verb_name='build', build_base='build', install_base='install', merge_install=False, symlink_install=False, test_result_base=None, continue_on_error=False, executor='parallel', parallel_workers=8, event_handlers=None, ignore_user_meta=False, metas=['./colcon.meta'], base_paths=['.'], packages_ignore=None, packages_ignore_regex=None, paths=None, packages_up_to=None, packages_up_to_regex=None, packages_above=None, packages_above_and_dependencies=None, packages_above_depth=None, packages_select_by_dep=None, packages_skip_by_dep=None, packages_skip_up_to=None, packages_select_build_failed=False, packages_skip_build_finished=False, packages_select_test_failures=False, packages_skip_test_passed=False, packages_select=['enemy_marker_publisher'], packages_skip=None, packages_select_regex=None, packages_skip_regex=None, packages_start=None, packages_end=None, allow_overriding=[], cmake_args=None, cmake_target=None, cmake_target_skip_unavailable=False, cmake_clean_cache=False, cmake_clean_first=False, cmake_force_configure=False, ament_cmake_args=None, catkin_cmake_args=None, catkin_skip_building_tests=False, verb_parser=<colcon_defaults.argument_parser.defaults.DefaultArgumentsDecorator object at 0x735ba57543a0>, verb_extension=<colcon_core.verb.build.BuildVerb object at 0x735ba58be560>, main=<bound method BuildVerb.main of <colcon_core.verb.build.BuildVerb object at 0x735ba58be560>>)
[0.667s] Level 1:colcon.colcon_core.package_discovery:discover_packages(colcon_meta) check parameters
[0.668s] Level 1:colcon.colcon_core.package_discovery:discover_packages(recursive) check parameters
[0.668s] Level 1:colcon.colcon_core.package_discovery:discover_packages(ignore) check parameters
[0.668s] Level 1:colcon.colcon_core.package_discovery:discover_packages(path) check parameters
[0.668s] Level 1:colcon.colcon_core.package_discovery:discover_packages(colcon_meta) discover
[0.668s] Level 1:colcon.colcon_core.package_discovery:discover_packages(recursive) discover
[0.668s] INFO:colcon.colcon_core.package_discovery:Crawling recursively for packages in '/home/dxtl/RM2025第二轮考核/ros2_ws'
[0.668s] Level 1:colcon.colcon_core.package_identification:_identify(.) by extensions ['ignore', 'ignore_ament_install']
[0.669s] Level 1:colcon.colcon_core.package_identification:_identify(.) by extension 'ignore'
[0.669s] Level 1:colcon.colcon_core.package_identification:_identify(.) by extension 'ignore_ament_install'
[0.669s] Level 1:colcon.colcon_core.package_identification:_identify(.) by extensions ['colcon_pkg']
[0.669s] Level 1:colcon.colcon_core.package_identification:_identify(.) by extension 'colcon_pkg'
[0.669s] Level 1:colcon.colcon_core.package_identification:_identify(.) by extensions ['colcon_meta']
[0.669s] Level 1:colcon.colcon_core.package_identification:_identify(.) by extension 'colcon_meta'
[0.669s] Level 1:colcon.colcon_core.package_identification:_identify(.) by extensions ['ros']
[0.669s] Level 1:colcon.colcon_core.package_identification:_identify(.) by extension 'ros'
[0.702s] Level 1:colcon.colcon_core.package_identification:_identify(.) by extensions ['cmake', 'python']
[0.703s] Level 1:colcon.colcon_core.package_identification:_identify(.) by extension 'cmake'
[0.703s] Level 1:colcon.colcon_core.package_identification:_identify(.) by extension 'python'
[0.703s] Level 1:colcon.colcon_core.package_identification:_identify(.) by extensions ['python_setup_py']
[0.703s] Level 1:colcon.colcon_core.package_identification:_identify(.) by extension 'python_setup_py'
[0.703s] Level 1:colcon.colcon_core.package_identification:_identify(build) by extensions ['ignore', 'ignore_ament_install']
[0.703s] Level 1:colcon.colcon_core.package_identification:_identify(build) by extension 'ignore'
[0.704s] Level 1:colcon.colcon_core.package_identification:_identify(build) ignored
[0.704s] Level 1:colcon.colcon_core.package_identification:_identify(install) by extensions ['ignore', 'ignore_ament_install']
[0.704s] Level 1:colcon.colcon_core.package_identification:_identify(install) by extension 'ignore'
[0.704s] Level 1:colcon.colcon_core.package_identification:_identify(install) ignored
[0.705s] Level 1:colcon.colcon_core.package_identification:_identify(log) by extensions ['ignore', 'ignore_ament_install']
[0.705s] Level 1:colcon.colcon_core.package_identification:_identify(log) by extension 'ignore'
[0.705s] Level 1:colcon.colcon_core.package_identification:_identify(log) ignored
[0.705s] Level 1:colcon.colcon_core.package_identification:_identify(src) by extensions ['ignore', 'ignore_ament_install']
[0.705s] Level 1:colcon.colcon_core.package_identification:_identify(src) by extension 'ignore'
[0.706s] Level 1:colcon.colcon_core.package_identification:_identify(src) by extension 'ignore_ament_install'
[0.706s] Level 1:colcon.colcon_core.package_identification:_identify(src) by extensions ['colcon_pkg']
[0.706s] Level 1:colcon.colcon_core.package_identification:_identify(src) by extension 'colcon_pkg'
[0.706s] Level 1:colcon.colcon_core.package_identification:_identify(src) by extensions ['colcon_meta']
[0.706s] Level 1:colcon.colcon_core.package_identification:_identify(src) by extension 'colcon_meta'
[0.706s] Level 1:colcon.colcon_core.package_identification:_identify(src) by extensions ['ros']
[0.707s] Level 1:colcon.colcon_core.package_identification:_identify(src) by extension 'ros'
[0.707s] Level 1:colcon.colcon_core.package_identification:_identify(src) by extensions ['cmake', 'python']
[0.707s] Level 1:colcon.colcon_core.package_identification:_identify(src) by extension 'cmake'
[0.707s] Level 1:colcon.colcon_core.package_identification:_identify(src) by extension 'python'
[0.707s] Level 1:colcon.colcon_core.package_identification:_identify(src) by extensions ['python_setup_py']
[0.707s] Level 1:colcon.colcon_core.package_identification:_identify(src) by extension 'python_setup_py'
[0.708s] Level 1:colcon.colcon_core.package_identification:_identify(src/enemy_detector) by extensions ['ignore', 'ignore_ament_install']
[0.708s] Level 1:colcon.colcon_core.package_identification:_identify(src/enemy_detector) by extension 'ignore'
[0.708s] Level 1:colcon.colcon_core.package_identification:_identify(src/enemy_detector) by extension 'ignore_ament_install'
[0.708s] Level 1:colcon.colcon_core.package_identification:_identify(src/enemy_detector) by extensions ['colcon_pkg']
[0.708s] Level 1:colcon.colcon_core.package_identification:_identify(src/enemy_detector) by extension 'colcon_pkg'
[0.708s] Level 1:colcon.colcon_core.package_identification:_identify(src/enemy_detector) by extensions ['colcon_meta']
[0.708s] Level 1:colcon.colcon_core.package_identification:_identify(src/enemy_detector) by extension 'colcon_meta'
[0.709s] Level 1:colcon.colcon_core.package_identification:_identify(src/enemy_detector) by extensions ['ros']
[0.709s] Level 1:colcon.colcon_core.package_identification:_identify(src/enemy_detector) by extension 'ros'
[0.717s] DEBUG:colcon.colcon_core.package_identification:Package 'src/enemy_detector' with type 'ros.ament_cmake' and name 'enemy_detector'
[0.717s] Level 1:colcon.colcon_core.package_identification:_identify(src/enemy_marker_publisher) by extensions ['ignore', 'ignore_ament_install']
[0.718s] Level 1:colcon.colcon_core.package_identification:_identify(src/enemy_marker_publisher) by extension 'ignore'
[0.718s] Level 1:colcon.colcon_core.package_identification:_identify(src/enemy_marker_publisher) by extension 'ignore_ament_install'
[0.718s] Level 1:colcon.colcon_core.package_identification:_identify(src/enemy_marker_publisher) by extensions ['colcon_pkg']
[0.718s] Level 1:colcon.colcon_core.package_identification:_identify(src/enemy_marker_publisher) by extension 'colcon_pkg'
[0.718s] Level 1:colcon.colcon_core.package_identification:_identify(src/enemy_marker_publisher) by extensions ['colcon_meta']
[0.718s] Level 1:colcon.colcon_core.package_identification:_identify(src/enemy_marker_publisher) by extension 'colcon_meta'
[0.718s] Level 1:colcon.colcon_core.package_identification:_identify(src/enemy_marker_publisher) by extensions ['ros']
[0.719s] Level 1:colcon.colcon_core.package_identification:_identify(src/enemy_marker_publisher) by extension 'ros'
[0.721s] DEBUG:colcon.colcon_core.package_identification:Package 'src/enemy_marker_publisher' with type 'ros.ament_cmake' and name 'enemy_marker_publisher'
[0.722s] Level 1:colcon.colcon_core.package_identification:_identify(src/image_fps_processor) by extensions ['ignore', 'ignore_ament_install']
[0.722s] Level 1:colcon.colcon_core.package_identification:_identify(src/image_fps_processor) by extension 'ignore'
[0.722s] Level 1:colcon.colcon_core.package_identification:_identify(src/image_fps_processor) by extension 'ignore_ament_install'
[0.722s] Level 1:colcon.colcon_core.package_identification:_identify(src/image_fps_processor) by extensions ['colcon_pkg']
[0.722s] Level 1:colcon.colcon_core.package_identification:_identify(src/image_fps_processor) by extension 'colcon_pkg'
[0.722s] Level 1:colcon.colcon_core.package_identification:_identify(src/image_fps_processor) by extensions ['colcon_meta']
[0.722s] Level 1:colcon.colcon_core.package_identification:_identify(src/image_fps_processor) by extension 'colcon_meta'
[0.722s] Level 1:colcon.colcon_core.package_identification:_identify(src/image_fps_processor) by extensions ['ros']
[0.722s] Level 1:colcon.colcon_core.package_identification:_identify(src/image_fps_processor) by extension 'ros'
[0.724s] DEBUG:colcon.colcon_core.package_identification:Package 'src/image_fps_processor' with type 'ros.ament_cmake' and name 'image_fps_processor'
[0.725s] Level 1:colcon.colcon_core.package_discovery:discover_packages(recursive) using defaults
[0.725s] Level 1:colcon.colcon_core.package_discovery:discover_packages(ignore) discover
[0.725s] Level 1:colcon.colcon_core.package_discovery:discover_packages(ignore) using defaults
[0.725s] Level 1:colcon.colcon_core.package_discovery:discover_packages(path) discover
[0.725s] Level 1:colcon.colcon_core.package_discovery:discover_packages(path) using defaults
[0.776s] INFO:colcon.colcon_core.package_selection:Skipping not selected package 'enemy_detector' in 'src/enemy_detector'
[0.776s] INFO:colcon.colcon_core.package_selection:Skipping not selected package 'image_fps_processor' in 'src/image_fps_processor'
[0.777s] Level 1:colcon.colcon_core.package_discovery:discover_packages(prefix_path) check parameters
[0.777s] Level 1:colcon.colcon_core.package_discovery:discover_packages(prefix_path) discover
[0.781s] DEBUG:colcon.colcon_installed_package_information.package_discovery:Found 3 installed packages in /home/dxtl/RM2025第二轮考核/ros2_ws/install
[0.784s] DEBUG:colcon.colcon_installed_package_information.package_discovery:Found 271 installed packages in /opt/ros/humble
[0.787s] Level 1:colcon.colcon_core.package_discovery:discover_packages(prefix_path) using defaults
[0.911s] Level 5:colcon.colcon_core.verb:set package 'enemy_marker_publisher' build argument 'cmake_args' from command line to 'None'
[0.911s] Level 5:colcon.colcon_core.verb:set package 'enemy_marker_publisher' build argument 'cmake_target' from command line to 'None'
[0.911s] Level 5:colcon.colcon_core.verb:set package 'enemy_marker_publisher' build argument 'cmake_target_skip_unavailable' from command line to 'False'
[0.911s] Level 5:colcon.colcon_core.verb:set package 'enemy_marker_publisher' build argument 'cmake_clean_cache' from command line to 'False'
[0.911s] Level 5:colcon.colcon_core.verb:set package 'enemy_marker_publisher' build argument 'cmake_clean_first' from command line to 'False'
[0.911s] Level 5:colcon.colcon_core.verb:set package 'enemy_marker_publisher' build argument 'cmake_force_configure' from command line to 'False'
[0.911s] Level 5:colcon.colcon_core.verb:set package 'enemy_marker_publisher' build argument 'ament_cmake_args' from command line to 'None'
[0.911s] Level 5:colcon.colcon_core.verb:set package 'enemy_marker_publisher' build argument 'catkin_cmake_args' from command line to 'None'
[0.911s] Level 5:colcon.colcon_core.verb:set package 'enemy_marker_publisher' build argument 'catkin_skip_building_tests' from command line to 'False'
[0.911s] DEBUG:colcon.colcon_core.verb:Building package 'enemy_marker_publisher' with the following arguments: {'ament_cmake_args': None, 'build_base': '/home/dxtl/RM2025第二轮考核/ros2_ws/build/enemy_marker_publisher', 'catkin_cmake_args': None, 'catkin_skip_building_tests': False, 'cmake_args': None, 'cmake_clean_cache': False, 'cmake_clean_first': False, 'cmake_force_configure': False, 'cmake_target': None, 'cmake_target_skip_unavailable': False, 'install_base': '/home/dxtl/RM2025第二轮考核/ros2_ws/install/enemy_marker_publisher', 'merge_install': False, 'path': '/home/dxtl/RM2025第二轮考核/ros2_ws/src/enemy_marker_publisher', 'symlink_install': False, 'test_result_base': None}
[0.912s] INFO:colcon.colcon_core.executor:Executing jobs using 'parallel' executor
[0.914s] DEBUG:colcon.colcon_parallel_executor.executor.parallel:run_until_complete
[0.915s] INFO:colcon.colcon_ros.task.ament_cmake.build:Building ROS package in '/home/dxtl/RM2025第二轮考核/ros2_ws/src/enemy_marker_publisher' with build type 'ament_cmake'
[0.915s] INFO:colcon.colcon_cmake.task.cmake.build:Building CMake package in '/home/dxtl/RM2025第二轮考核/ros2_ws/src/enemy_marker_publisher'
[0.919s] INFO:colcon.colcon_core.plugin_system:Skipping extension 'colcon_core.shell.bat': Not used on non-Windows systems
[0.920s] INFO:colcon.colcon_core.shell:Skip shell extension 'powershell' for command environment: Not usable outside of PowerShell
[0.920s] DEBUG:colcon.colcon_core.shell:Skip shell extension 'dsv' for command environment
[0.944s] DEBUG:colcon.colcon_core.event_handler.log_command:Invoking command in '/home/dxtl/RM2025第二轮考核/ros2_ws/build/enemy_marker_publisher': CMAKE_PREFIX_PATH=${CMAKE_PREFIX_PATH}:/opt/ros/humble /usr/bin/cmake --build /home/dxtl/RM2025第二轮考核/ros2_ws/build/enemy_marker_publisher -- -j8 -l8
[27.655s] DEBUG:colcon.colcon_core.event_handler.log_command:Invoked command in '/home/dxtl/RM2025第二轮考核/ros2_ws/build/enemy_marker_publisher' returned '0': CMAKE_PREFIX_PATH=${CMAKE_PREFIX_PATH}:/opt/ros/humble /usr/bin/cmake --build /home/dxtl/RM2025第二轮考核/ros2_ws/build/enemy_marker_publisher -- -j8 -l8
[27.741s] DEBUG:colcon.colcon_core.event_handler.log_command:Invoking command in '/home/dxtl/RM2025第二轮考核/ros2_ws/build/enemy_marker_publisher': CMAKE_PREFIX_PATH=${CMAKE_PREFIX_PATH}:/opt/ros/humble /usr/bin/cmake --install /home/dxtl/RM2025第二轮考核/ros2_ws/build/enemy_marker_publisher
[27.774s] Level 1:colcon.colcon_core.environment:create_environment_scripts_only(enemy_marker_publisher)
[27.775s] DEBUG:colcon.colcon_core.event_handler.log_command:Invoked command in '/home/dxtl/RM2025第二轮考核/ros2_ws/build/enemy_marker_publisher' returned '0': CMAKE_PREFIX_PATH=${CMAKE_PREFIX_PATH}:/opt/ros/humble /usr/bin/cmake --install /home/dxtl/RM2025第二轮考核/ros2_ws/build/enemy_marker_publisher
[27.781s] Level 1:colcon.colcon_core.environment:checking '/home/dxtl/RM2025第二轮考核/ros2_ws/install/enemy_marker_publisher' for CMake module files
[27.782s] Level 1:colcon.colcon_core.environment:checking '/home/dxtl/RM2025第二轮考核/ros2_ws/install/enemy_marker_publisher' for CMake config files
[27.782s] Level 1:colcon.colcon_core.shell:create_environment_hook('enemy_marker_publisher', 'cmake_prefix_path')
[27.783s] INFO:colcon.colcon_core.shell:Creating environment hook '/home/dxtl/RM2025第二轮考核/ros2_ws/install/enemy_marker_publisher/share/enemy_marker_publisher/hook/cmake_prefix_path.ps1'
[27.784s] INFO:colcon.colcon_core.shell:Creating environment descriptor '/home/dxtl/RM2025第二轮考核/ros2_ws/install/enemy_marker_publisher/share/enemy_marker_publisher/hook/cmake_prefix_path.dsv'
[27.785s] INFO:colcon.colcon_core.shell:Creating environment hook '/home/dxtl/RM2025第二轮考核/ros2_ws/install/enemy_marker_publisher/share/enemy_marker_publisher/hook/cmake_prefix_path.sh'
[27.787s] Level 1:colcon.colcon_core.environment:checking '/home/dxtl/RM2025第二轮考核/ros2_ws/install/enemy_marker_publisher/lib'
[27.788s] Level 1:colcon.colcon_core.environment:checking '/home/dxtl/RM2025第二轮考核/ros2_ws/install/enemy_marker_publisher/bin'
[27.788s] Level 1:colcon.colcon_core.environment:checking '/home/dxtl/RM2025第二轮考核/ros2_ws/install/enemy_marker_publisher/lib/pkgconfig/enemy_marker_publisher.pc'
[27.788s] Level 1:colcon.colcon_core.environment:checking '/home/dxtl/RM2025第二轮考核/ros2_ws/install/enemy_marker_publisher/lib/python3.10/site-packages'
[27.789s] Level 1:colcon.colcon_core.environment:checking '/home/dxtl/RM2025第二轮考核/ros2_ws/install/enemy_marker_publisher/bin'
[27.790s] INFO:colcon.colcon_core.shell:Creating package script '/home/dxtl/RM2025第二轮考核/ros2_ws/install/enemy_marker_publisher/share/enemy_marker_publisher/package.ps1'
[27.792s] INFO:colcon.colcon_core.shell:Creating package descriptor '/home/dxtl/RM2025第二轮考核/ros2_ws/install/enemy_marker_publisher/share/enemy_marker_publisher/package.dsv'
[27.794s] INFO:colcon.colcon_core.shell:Creating package script '/home/dxtl/RM2025第二轮考核/ros2_ws/install/enemy_marker_publisher/share/enemy_marker_publisher/package.sh'
[27.795s] INFO:colcon.colcon_core.shell:Creating package script '/home/dxtl/RM2025第二轮考核/ros2_ws/install/enemy_marker_publisher/share/enemy_marker_publisher/package.bash'
[27.797s] INFO:colcon.colcon_core.shell:Creating package script '/home/dxtl/RM2025第二轮考核/ros2_ws/install/enemy_marker_publisher/share/enemy_marker_publisher/package.zsh'
[27.799s] Level 1:colcon.colcon_core.environment:create_file_with_runtime_dependencies(/home/dxtl/RM2025第二轮考核/ros2_ws/install/enemy_marker_publisher/share/colcon-core/packages/enemy_marker_publisher)
[27.861s] Level 1:colcon.colcon_core.environment:create_environment_scripts_only(enemy_marker_publisher)
[27.861s] Level 1:colcon.colcon_core.environment:checking '/home/dxtl/RM2025第二轮考核/ros2_ws/install/enemy_marker_publisher' for CMake module files
[27.863s] Level 1:colcon.colcon_core.environment:checking '/home/dxtl/RM2025第二轮考核/ros2_ws/install/enemy_marker_publisher' for CMake config files
[27.863s] Level 1:colcon.colcon_core.shell:create_environment_hook('enemy_marker_publisher', 'cmake_prefix_path')
[27.864s] INFO:colcon.colcon_core.shell:Creating environment hook '/home/dxtl/RM2025第二轮考核/ros2_ws/install/enemy_marker_publisher/share/enemy_marker_publisher/hook/cmake_prefix_path.ps1'
[27.865s] INFO:colcon.colcon_core.shell:Creating environment descriptor '/home/dxtl/RM2025第二轮考核/ros2_ws/install/enemy_marker_publisher/share/enemy_marker_publisher/hook/cmake_prefix_path.dsv'
[27.866s] INFO:colcon.colcon_core.shell:Creating environment hook '/home/dxtl/RM2025第二轮考核/ros2_ws/install/enemy_marker_publisher/share/enemy_marker_publisher/hook/cmake_prefix_path.sh'
[27.867s] Level 1:colcon.colcon_core.environment:checking '/home/dxtl/RM2025第二轮考核/ros2_ws/install/enemy_marker_publisher/lib'
[27.867s] Level 1:colcon.colcon_core.environment:checking '/home/dxtl/RM2025第二轮考核/ros2_ws/install/enemy_marker_publisher/bin'
[27.867s] Level 1:colcon.colcon_core.environment:checking '/home/dxtl/RM2025第二轮考核/ros2_ws/install/enemy_marker_publisher/lib/pkgconfig/enemy_marker_publisher.pc'
[27.868s] Level 1:colcon.colcon_core.environment:checking '/home/dxtl/RM2025第二轮考核/ros2_ws/install/enemy_marker_publisher/lib/python3.10/site-packages'
[27.868s] Level 1:colcon.colcon_core.environment:checking '/home/dxtl/RM2025第二轮考核/ros2_ws/install/enemy_marker_publisher/bin'
[27.869s] INFO:colcon.colcon_core.shell:Creating package script '/home/dxtl/RM2025第二轮考核/ros2_ws/install/enemy_marker_publisher/share/enemy_marker_publisher/package.ps1'
[27.871s] INFO:colcon.colcon_core.shell:Creating package descriptor '/home/dxtl/RM2025第二轮考核/ros2_ws/install/enemy_marker_publisher/share/enemy_marker_publisher/package.dsv'
[27.872s] INFO:colcon.colcon_core.shell:Creating package script '/home/dxtl/RM2025第二轮考核/ros2_ws/install/enemy_marker_publisher/share/enemy_marker_publisher/package.sh'
[27.873s] INFO:colcon.colcon_core.shell:Creating package script '/home/dxtl/RM2025第二轮考核/ros2_ws/install/enemy_marker_publisher/share/enemy_marker_publisher/package.bash'
[27.874s] INFO:colcon.colcon_core.shell:Creating package script '/home/dxtl/RM2025第二轮考核/ros2_ws/install/enemy_marker_publisher/share/enemy_marker_publisher/package.zsh'
[27.874s] Level 1:colcon.colcon_core.environment:create_file_with_runtime_dependencies(/home/dxtl/RM2025第二轮考核/ros2_ws/install/enemy_marker_publisher/share/colcon-core/packages/enemy_marker_publisher)
[27.875s] DEBUG:colcon.colcon_parallel_executor.executor.parallel:closing loop
[27.875s] DEBUG:colcon.colcon_parallel_executor.executor.parallel:loop closed
[27.876s] DEBUG:colcon.colcon_parallel_executor.executor.parallel:run_until_complete finished with '0'
[27.876s] DEBUG:colcon.colcon_core.event_reactor:joining thread
[27.888s] INFO:colcon.colcon_core.plugin_system:Skipping extension 'colcon_notification.desktop_notification.terminal_notifier': Not used on non-Darwin systems
[27.888s] INFO:colcon.colcon_core.plugin_system:Skipping extension 'colcon_notification.desktop_notification.win32': Not used on non-Windows systems
[27.888s] INFO:colcon.colcon_notification.desktop_notification:Sending desktop notification using 'notify2'
[27.926s] DEBUG:colcon.colcon_core.event_reactor:joined thread
[27.927s] INFO:colcon.colcon_core.shell:Creating prefix script '/home/dxtl/RM2025第二轮考核/ros2_ws/install/local_setup.ps1'
[27.930s] INFO:colcon.colcon_core.shell:Creating prefix util module '/home/dxtl/RM2025第二轮考核/ros2_ws/install/_local_setup_util_ps1.py'
[27.934s] INFO:colcon.colcon_core.shell:Creating prefix chain script '/home/dxtl/RM2025第二轮考核/ros2_ws/install/setup.ps1'
[27.936s] INFO:colcon.colcon_core.shell:Creating prefix script '/home/dxtl/RM2025第二轮考核/ros2_ws/install/local_setup.sh'
[27.939s] INFO:colcon.colcon_core.shell:Creating prefix util module '/home/dxtl/RM2025第二轮考核/ros2_ws/install/_local_setup_util_sh.py'
[27.940s] INFO:colcon.colcon_core.shell:Creating prefix chain script '/home/dxtl/RM2025第二轮考核/ros2_ws/install/setup.sh'
[27.944s] INFO:colcon.colcon_core.shell:Creating prefix script '/home/dxtl/RM2025第二轮考核/ros2_ws/install/local_setup.bash'
[27.945s] INFO:colcon.colcon_core.shell:Creating prefix chain script '/home/dxtl/RM2025第二轮考核/ros2_ws/install/setup.bash'
[27.948s] INFO:colcon.colcon_core.shell:Creating prefix script '/home/dxtl/RM2025第二轮考核/ros2_ws/install/local_setup.zsh'
[27.951s] INFO:colcon.colcon_core.shell:Creating prefix chain script '/home/dxtl/RM2025第二轮考核/ros2_ws/install/setup.zsh'
