[0.186s] DEBUG:colcon:Command line arguments: ['/usr/bin/colcon', 'build', '--packages-select', 'image_fps_processor']
[0.186s] DEBUG:colcon:Parsed command line arguments: Namespace(log_base=None, log_level=None, verb_name='build', build_base='build', install_base='install', merge_install=False, symlink_install=False, test_result_base=None, continue_on_error=False, executor='parallel', parallel_workers=8, event_handlers=None, ignore_user_meta=False, metas=['./colcon.meta'], base_paths=['.'], packages_ignore=None, packages_ignore_regex=None, paths=None, packages_up_to=None, packages_up_to_regex=None, packages_above=None, packages_above_and_dependencies=None, packages_above_depth=None, packages_select_by_dep=None, packages_skip_by_dep=None, packages_skip_up_to=None, packages_select_build_failed=False, packages_skip_build_finished=False, packages_select_test_failures=False, packages_skip_test_passed=False, packages_select=['image_fps_processor'], packages_skip=None, packages_select_regex=None, packages_skip_regex=None, packages_start=None, packages_end=None, allow_overriding=[], cmake_args=None, cmake_target=None, cmake_target_skip_unavailable=False, cmake_clean_cache=False, cmake_clean_first=False, cmake_force_configure=False, ament_cmake_args=None, catkin_cmake_args=None, catkin_skip_building_tests=False, verb_parser=<colcon_defaults.argument_parser.defaults.DefaultArgumentsDecorator object at 0x7fd06de60430>, verb_extension=<colcon_core.verb.build.BuildVerb object at 0x7fd06dfce590>, main=<bound method BuildVerb.main of <colcon_core.verb.build.BuildVerb object at 0x7fd06dfce590>>)
[0.455s] Level 1:colcon.colcon_core.package_discovery:discover_packages(colcon_meta) check parameters
[0.455s] Level 1:colcon.colcon_core.package_discovery:discover_packages(recursive) check parameters
[0.455s] Level 1:colcon.colcon_core.package_discovery:discover_packages(ignore) check parameters
[0.455s] Level 1:colcon.colcon_core.package_discovery:discover_packages(path) check parameters
[0.455s] Level 1:colcon.colcon_core.package_discovery:discover_packages(colcon_meta) discover
[0.455s] Level 1:colcon.colcon_core.package_discovery:discover_packages(recursive) discover
[0.455s] INFO:colcon.colcon_core.package_discovery:Crawling recursively for packages in '/home/dxtl/RM2025第二轮考核/ros2_ws'
[0.455s] Level 1:colcon.colcon_core.package_identification:_identify(.) by extensions ['ignore', 'ignore_ament_install']
[0.456s] Level 1:colcon.colcon_core.package_identification:_identify(.) by extension 'ignore'
[0.456s] Level 1:colcon.colcon_core.package_identification:_identify(.) by extension 'ignore_ament_install'
[0.456s] Level 1:colcon.colcon_core.package_identification:_identify(.) by extensions ['colcon_pkg']
[0.456s] Level 1:colcon.colcon_core.package_identification:_identify(.) by extension 'colcon_pkg'
[0.456s] Level 1:colcon.colcon_core.package_identification:_identify(.) by extensions ['colcon_meta']
[0.456s] Level 1:colcon.colcon_core.package_identification:_identify(.) by extension 'colcon_meta'
[0.456s] Level 1:colcon.colcon_core.package_identification:_identify(.) by extensions ['ros']
[0.456s] Level 1:colcon.colcon_core.package_identification:_identify(.) by extension 'ros'
[0.477s] Level 1:colcon.colcon_core.package_identification:_identify(.) by extensions ['cmake', 'python']
[0.477s] Level 1:colcon.colcon_core.package_identification:_identify(.) by extension 'cmake'
[0.477s] Level 1:colcon.colcon_core.package_identification:_identify(.) by extension 'python'
[0.477s] Level 1:colcon.colcon_core.package_identification:_identify(.) by extensions ['python_setup_py']
[0.477s] Level 1:colcon.colcon_core.package_identification:_identify(.) by extension 'python_setup_py'
[0.477s] Level 1:colcon.colcon_core.package_identification:_identify(build) by extensions ['ignore', 'ignore_ament_install']
[0.477s] Level 1:colcon.colcon_core.package_identification:_identify(build) by extension 'ignore'
[0.478s] Level 1:colcon.colcon_core.package_identification:_identify(build) ignored
[0.478s] Level 1:colcon.colcon_core.package_identification:_identify(install) by extensions ['ignore', 'ignore_ament_install']
[0.478s] Level 1:colcon.colcon_core.package_identification:_identify(install) by extension 'ignore'
[0.478s] Level 1:colcon.colcon_core.package_identification:_identify(install) ignored
[0.478s] Level 1:colcon.colcon_core.package_identification:_identify(log) by extensions ['ignore', 'ignore_ament_install']
[0.478s] Level 1:colcon.colcon_core.package_identification:_identify(log) by extension 'ignore'
[0.478s] Level 1:colcon.colcon_core.package_identification:_identify(log) ignored
[0.478s] Level 1:colcon.colcon_core.package_identification:_identify(src) by extensions ['ignore', 'ignore_ament_install']
[0.479s] Level 1:colcon.colcon_core.package_identification:_identify(src) by extension 'ignore'
[0.479s] Level 1:colcon.colcon_core.package_identification:_identify(src) by extension 'ignore_ament_install'
[0.479s] Level 1:colcon.colcon_core.package_identification:_identify(src) by extensions ['colcon_pkg']
[0.479s] Level 1:colcon.colcon_core.package_identification:_identify(src) by extension 'colcon_pkg'
[0.479s] Level 1:colcon.colcon_core.package_identification:_identify(src) by extensions ['colcon_meta']
[0.479s] Level 1:colcon.colcon_core.package_identification:_identify(src) by extension 'colcon_meta'
[0.479s] Level 1:colcon.colcon_core.package_identification:_identify(src) by extensions ['ros']
[0.479s] Level 1:colcon.colcon_core.package_identification:_identify(src) by extension 'ros'
[0.479s] Level 1:colcon.colcon_core.package_identification:_identify(src) by extensions ['cmake', 'python']
[0.479s] Level 1:colcon.colcon_core.package_identification:_identify(src) by extension 'cmake'
[0.479s] Level 1:colcon.colcon_core.package_identification:_identify(src) by extension 'python'
[0.479s] Level 1:colcon.colcon_core.package_identification:_identify(src) by extensions ['python_setup_py']
[0.479s] Level 1:colcon.colcon_core.package_identification:_identify(src) by extension 'python_setup_py'
[0.480s] Level 1:colcon.colcon_core.package_identification:_identify(src/image_fps_processor) by extensions ['ignore', 'ignore_ament_install']
[0.480s] Level 1:colcon.colcon_core.package_identification:_identify(src/image_fps_processor) by extension 'ignore'
[0.480s] Level 1:colcon.colcon_core.package_identification:_identify(src/image_fps_processor) by extension 'ignore_ament_install'
[0.480s] Level 1:colcon.colcon_core.package_identification:_identify(src/image_fps_processor) by extensions ['colcon_pkg']
[0.480s] Level 1:colcon.colcon_core.package_identification:_identify(src/image_fps_processor) by extension 'colcon_pkg'
[0.480s] Level 1:colcon.colcon_core.package_identification:_identify(src/image_fps_processor) by extensions ['colcon_meta']
[0.480s] Level 1:colcon.colcon_core.package_identification:_identify(src/image_fps_processor) by extension 'colcon_meta'
[0.480s] Level 1:colcon.colcon_core.package_identification:_identify(src/image_fps_processor) by extensions ['ros']
[0.480s] Level 1:colcon.colcon_core.package_identification:_identify(src/image_fps_processor) by extension 'ros'
[0.485s] DEBUG:colcon.colcon_core.package_identification:Package 'src/image_fps_processor' with type 'ros.ament_cmake' and name 'image_fps_processor'
[0.485s] Level 1:colcon.colcon_core.package_discovery:discover_packages(recursive) using defaults
[0.485s] Level 1:colcon.colcon_core.package_discovery:discover_packages(ignore) discover
[0.485s] Level 1:colcon.colcon_core.package_discovery:discover_packages(ignore) using defaults
[0.485s] Level 1:colcon.colcon_core.package_discovery:discover_packages(path) discover
[0.485s] Level 1:colcon.colcon_core.package_discovery:discover_packages(path) using defaults
[0.521s] Level 1:colcon.colcon_core.package_discovery:discover_packages(prefix_path) check parameters
[0.521s] Level 1:colcon.colcon_core.package_discovery:discover_packages(prefix_path) discover
[0.525s] DEBUG:colcon.colcon_installed_package_information.package_discovery:Found 271 installed packages in /opt/ros/humble
[0.528s] Level 1:colcon.colcon_core.package_discovery:discover_packages(prefix_path) using defaults
[0.618s] Level 5:colcon.colcon_core.verb:set package 'image_fps_processor' build argument 'cmake_args' from command line to 'None'
[0.618s] Level 5:colcon.colcon_core.verb:set package 'image_fps_processor' build argument 'cmake_target' from command line to 'None'
[0.619s] Level 5:colcon.colcon_core.verb:set package 'image_fps_processor' build argument 'cmake_target_skip_unavailable' from command line to 'False'
[0.619s] Level 5:colcon.colcon_core.verb:set package 'image_fps_processor' build argument 'cmake_clean_cache' from command line to 'False'
[0.619s] Level 5:colcon.colcon_core.verb:set package 'image_fps_processor' build argument 'cmake_clean_first' from command line to 'False'
[0.619s] Level 5:colcon.colcon_core.verb:set package 'image_fps_processor' build argument 'cmake_force_configure' from command line to 'False'
[0.619s] Level 5:colcon.colcon_core.verb:set package 'image_fps_processor' build argument 'ament_cmake_args' from command line to 'None'
[0.619s] Level 5:colcon.colcon_core.verb:set package 'image_fps_processor' build argument 'catkin_cmake_args' from command line to 'None'
[0.619s] Level 5:colcon.colcon_core.verb:set package 'image_fps_processor' build argument 'catkin_skip_building_tests' from command line to 'False'
[0.619s] DEBUG:colcon.colcon_core.verb:Building package 'image_fps_processor' with the following arguments: {'ament_cmake_args': None, 'build_base': '/home/dxtl/RM2025第二轮考核/ros2_ws/build/image_fps_processor', 'catkin_cmake_args': None, 'catkin_skip_building_tests': False, 'cmake_args': None, 'cmake_clean_cache': False, 'cmake_clean_first': False, 'cmake_force_configure': False, 'cmake_target': None, 'cmake_target_skip_unavailable': False, 'install_base': '/home/dxtl/RM2025第二轮考核/ros2_ws/install/image_fps_processor', 'merge_install': False, 'path': '/home/dxtl/RM2025第二轮考核/ros2_ws/src/image_fps_processor', 'symlink_install': False, 'test_result_base': None}
[0.619s] INFO:colcon.colcon_core.executor:Executing jobs using 'parallel' executor
[0.621s] DEBUG:colcon.colcon_parallel_executor.executor.parallel:run_until_complete
[0.622s] INFO:colcon.colcon_ros.task.ament_cmake.build:Building ROS package in '/home/dxtl/RM2025第二轮考核/ros2_ws/src/image_fps_processor' with build type 'ament_cmake'
[0.622s] INFO:colcon.colcon_cmake.task.cmake.build:Building CMake package in '/home/dxtl/RM2025第二轮考核/ros2_ws/src/image_fps_processor'
[0.625s] INFO:colcon.colcon_core.plugin_system:Skipping extension 'colcon_core.shell.bat': Not used on non-Windows systems
[0.626s] INFO:colcon.colcon_core.shell:Skip shell extension 'powershell' for command environment: Not usable outside of PowerShell
[0.626s] DEBUG:colcon.colcon_core.shell:Skip shell extension 'dsv' for command environment
[0.641s] DEBUG:colcon.colcon_core.event_handler.log_command:Invoking command in '/home/dxtl/RM2025第二轮考核/ros2_ws/build/image_fps_processor': CMAKE_PREFIX_PATH=/opt/ros/humble /usr/bin/cmake /home/dxtl/RM2025第二轮考核/ros2_ws/src/image_fps_processor -DCMAKE_INSTALL_PREFIX=/home/dxtl/RM2025第二轮考核/ros2_ws/install/image_fps_processor
[1.616s] DEBUG:colcon.colcon_core.event_handler.log_command:Invoked command in '/home/dxtl/RM2025第二轮考核/ros2_ws/build/image_fps_processor' returned '0': CMAKE_PREFIX_PATH=/opt/ros/humble /usr/bin/cmake /home/dxtl/RM2025第二轮考核/ros2_ws/src/image_fps_processor -DCMAKE_INSTALL_PREFIX=/home/dxtl/RM2025第二轮考核/ros2_ws/install/image_fps_processor
[1.619s] DEBUG:colcon.colcon_core.event_handler.log_command:Invoking command in '/home/dxtl/RM2025第二轮考核/ros2_ws/build/image_fps_processor': CMAKE_PREFIX_PATH=/opt/ros/humble /usr/bin/cmake --build /home/dxtl/RM2025第二轮考核/ros2_ws/build/image_fps_processor -- -j8 -l8
[1.692s] DEBUG:colcon.colcon_core.event_handler.log_command:Invoked command in '/home/dxtl/RM2025第二轮考核/ros2_ws/build/image_fps_processor' returned '0': CMAKE_PREFIX_PATH=/opt/ros/humble /usr/bin/cmake --build /home/dxtl/RM2025第二轮考核/ros2_ws/build/image_fps_processor -- -j8 -l8
[1.746s] DEBUG:colcon.colcon_core.event_handler.log_command:Invoking command in '/home/dxtl/RM2025第二轮考核/ros2_ws/build/image_fps_processor': CMAKE_PREFIX_PATH=/opt/ros/humble /usr/bin/cmake --install /home/dxtl/RM2025第二轮考核/ros2_ws/build/image_fps_processor
[1.765s] Level 1:colcon.colcon_core.environment:create_environment_scripts_only(image_fps_processor)
[1.766s] DEBUG:colcon.colcon_core.event_handler.log_command:Invoked command in '/home/dxtl/RM2025第二轮考核/ros2_ws/build/image_fps_processor' returned '0': CMAKE_PREFIX_PATH=/opt/ros/humble /usr/bin/cmake --install /home/dxtl/RM2025第二轮考核/ros2_ws/build/image_fps_processor
[1.771s] Level 1:colcon.colcon_core.environment:checking '/home/dxtl/RM2025第二轮考核/ros2_ws/install/image_fps_processor' for CMake module files
[1.771s] Level 1:colcon.colcon_core.environment:checking '/home/dxtl/RM2025第二轮考核/ros2_ws/install/image_fps_processor' for CMake config files
[1.772s] Level 1:colcon.colcon_core.shell:create_environment_hook('image_fps_processor', 'cmake_prefix_path')
[1.772s] INFO:colcon.colcon_core.shell:Creating environment hook '/home/dxtl/RM2025第二轮考核/ros2_ws/install/image_fps_processor/share/image_fps_processor/hook/cmake_prefix_path.ps1'
[1.781s] INFO:colcon.colcon_core.shell:Creating environment descriptor '/home/dxtl/RM2025第二轮考核/ros2_ws/install/image_fps_processor/share/image_fps_processor/hook/cmake_prefix_path.dsv'
[1.782s] INFO:colcon.colcon_core.shell:Creating environment hook '/home/dxtl/RM2025第二轮考核/ros2_ws/install/image_fps_processor/share/image_fps_processor/hook/cmake_prefix_path.sh'
[1.784s] Level 1:colcon.colcon_core.environment:checking '/home/dxtl/RM2025第二轮考核/ros2_ws/install/image_fps_processor/bin'
[1.784s] Level 1:colcon.colcon_core.environment:checking '/home/dxtl/RM2025第二轮考核/ros2_ws/install/image_fps_processor/lib/pkgconfig/image_fps_processor.pc'
[1.785s] Level 1:colcon.colcon_core.environment:checking '/home/dxtl/RM2025第二轮考核/ros2_ws/install/image_fps_processor/lib/python3.10/site-packages'
[1.785s] Level 1:colcon.colcon_core.environment:checking '/home/dxtl/RM2025第二轮考核/ros2_ws/install/image_fps_processor/bin'
[1.786s] INFO:colcon.colcon_core.shell:Creating package script '/home/dxtl/RM2025第二轮考核/ros2_ws/install/image_fps_processor/share/image_fps_processor/package.ps1'
[1.787s] INFO:colcon.colcon_core.shell:Creating package descriptor '/home/dxtl/RM2025第二轮考核/ros2_ws/install/image_fps_processor/share/image_fps_processor/package.dsv'
[1.788s] INFO:colcon.colcon_core.shell:Creating package script '/home/dxtl/RM2025第二轮考核/ros2_ws/install/image_fps_processor/share/image_fps_processor/package.sh'
[1.790s] INFO:colcon.colcon_core.shell:Creating package script '/home/dxtl/RM2025第二轮考核/ros2_ws/install/image_fps_processor/share/image_fps_processor/package.bash'
[1.791s] INFO:colcon.colcon_core.shell:Creating package script '/home/dxtl/RM2025第二轮考核/ros2_ws/install/image_fps_processor/share/image_fps_processor/package.zsh'
[1.792s] Level 1:colcon.colcon_core.environment:create_file_with_runtime_dependencies(/home/dxtl/RM2025第二轮考核/ros2_ws/install/image_fps_processor/share/colcon-core/packages/image_fps_processor)
[1.829s] Level 1:colcon.colcon_core.environment:create_environment_scripts_only(image_fps_processor)
[1.829s] Level 1:colcon.colcon_core.environment:checking '/home/dxtl/RM2025第二轮考核/ros2_ws/install/image_fps_processor' for CMake module files
[1.830s] Level 1:colcon.colcon_core.environment:checking '/home/dxtl/RM2025第二轮考核/ros2_ws/install/image_fps_processor' for CMake config files
[1.830s] Level 1:colcon.colcon_core.shell:create_environment_hook('image_fps_processor', 'cmake_prefix_path')
[1.831s] INFO:colcon.colcon_core.shell:Creating environment hook '/home/dxtl/RM2025第二轮考核/ros2_ws/install/image_fps_processor/share/image_fps_processor/hook/cmake_prefix_path.ps1'
[1.831s] INFO:colcon.colcon_core.shell:Creating environment descriptor '/home/dxtl/RM2025第二轮考核/ros2_ws/install/image_fps_processor/share/image_fps_processor/hook/cmake_prefix_path.dsv'
[1.832s] INFO:colcon.colcon_core.shell:Creating environment hook '/home/dxtl/RM2025第二轮考核/ros2_ws/install/image_fps_processor/share/image_fps_processor/hook/cmake_prefix_path.sh'
[1.833s] Level 1:colcon.colcon_core.environment:checking '/home/dxtl/RM2025第二轮考核/ros2_ws/install/image_fps_processor/bin'
[1.833s] Level 1:colcon.colcon_core.environment:checking '/home/dxtl/RM2025第二轮考核/ros2_ws/install/image_fps_processor/lib/pkgconfig/image_fps_processor.pc'
[1.833s] Level 1:colcon.colcon_core.environment:checking '/home/dxtl/RM2025第二轮考核/ros2_ws/install/image_fps_processor/lib/python3.10/site-packages'
[1.834s] Level 1:colcon.colcon_core.environment:checking '/home/dxtl/RM2025第二轮考核/ros2_ws/install/image_fps_processor/bin'
[1.834s] INFO:colcon.colcon_core.shell:Creating package script '/home/dxtl/RM2025第二轮考核/ros2_ws/install/image_fps_processor/share/image_fps_processor/package.ps1'
[1.835s] INFO:colcon.colcon_core.shell:Creating package descriptor '/home/dxtl/RM2025第二轮考核/ros2_ws/install/image_fps_processor/share/image_fps_processor/package.dsv'
[1.836s] INFO:colcon.colcon_core.shell:Creating package script '/home/dxtl/RM2025第二轮考核/ros2_ws/install/image_fps_processor/share/image_fps_processor/package.sh'
[1.837s] INFO:colcon.colcon_core.shell:Creating package script '/home/dxtl/RM2025第二轮考核/ros2_ws/install/image_fps_processor/share/image_fps_processor/package.bash'
[1.838s] INFO:colcon.colcon_core.shell:Creating package script '/home/dxtl/RM2025第二轮考核/ros2_ws/install/image_fps_processor/share/image_fps_processor/package.zsh'
[1.838s] Level 1:colcon.colcon_core.environment:create_file_with_runtime_dependencies(/home/dxtl/RM2025第二轮考核/ros2_ws/install/image_fps_processor/share/colcon-core/packages/image_fps_processor)
[1.839s] DEBUG:colcon.colcon_parallel_executor.executor.parallel:closing loop
[1.840s] DEBUG:colcon.colcon_parallel_executor.executor.parallel:loop closed
[1.840s] DEBUG:colcon.colcon_parallel_executor.executor.parallel:run_until_complete finished with '0'
[1.840s] DEBUG:colcon.colcon_core.event_reactor:joining thread
[1.848s] INFO:colcon.colcon_core.plugin_system:Skipping extension 'colcon_notification.desktop_notification.terminal_notifier': Not used on non-Darwin systems
[1.848s] INFO:colcon.colcon_core.plugin_system:Skipping extension 'colcon_notification.desktop_notification.win32': Not used on non-Windows systems
[1.848s] INFO:colcon.colcon_notification.desktop_notification:Sending desktop notification using 'notify2'
[1.871s] DEBUG:colcon.colcon_core.event_reactor:joined thread
[1.872s] INFO:colcon.colcon_core.shell:Creating prefix script '/home/dxtl/RM2025第二轮考核/ros2_ws/install/local_setup.ps1'
[1.873s] INFO:colcon.colcon_core.shell:Creating prefix util module '/home/dxtl/RM2025第二轮考核/ros2_ws/install/_local_setup_util_ps1.py'
[1.876s] INFO:colcon.colcon_core.shell:Creating prefix chain script '/home/dxtl/RM2025第二轮考核/ros2_ws/install/setup.ps1'
[1.878s] INFO:colcon.colcon_core.shell:Creating prefix script '/home/dxtl/RM2025第二轮考核/ros2_ws/install/local_setup.sh'
[1.879s] INFO:colcon.colcon_core.shell:Creating prefix util module '/home/dxtl/RM2025第二轮考核/ros2_ws/install/_local_setup_util_sh.py'
[1.880s] INFO:colcon.colcon_core.shell:Creating prefix chain script '/home/dxtl/RM2025第二轮考核/ros2_ws/install/setup.sh'
[1.882s] INFO:colcon.colcon_core.shell:Creating prefix script '/home/dxtl/RM2025第二轮考核/ros2_ws/install/local_setup.bash'
[1.883s] INFO:colcon.colcon_core.shell:Creating prefix chain script '/home/dxtl/RM2025第二轮考核/ros2_ws/install/setup.bash'
[1.884s] INFO:colcon.colcon_core.shell:Creating prefix script '/home/dxtl/RM2025第二轮考核/ros2_ws/install/local_setup.zsh'
[1.885s] INFO:colcon.colcon_core.shell:Creating prefix chain script '/home/dxtl/RM2025第二轮考核/ros2_ws/install/setup.zsh'
