[0.018s] Invoking command in '/home/dxtl/RM2025第二轮考核/ros2_ws/build/image_fps_processor': CMAKE_PREFIX_PATH=/opt/ros/humble /usr/bin/cmake /home/dxtl/RM2025第二轮考核/ros2_ws/src/image_fps_processor -DCMAKE_INSTALL_PREFIX=/home/dxtl/RM2025第二轮考核/ros2_ws/install/image_fps_processor
[0.039s] -- Found ament_cmake: 1.3.10 (/opt/ros/humble/share/ament_cmake/cmake)
[0.274s] -- Found rclcpp: 16.0.10 (/opt/ros/humble/share/rclcpp/cmake)
[0.326s] -- Found rosidl_generator_c: 3.1.5 (/opt/ros/humble/share/rosidl_generator_c/cmake)
[0.331s] -- Found rosidl_adapter: 3.1.5 (/opt/ros/humble/share/rosidl_adapter/cmake)
[0.342s] -- Found rosidl_generator_cpp: 3.1.5 (/opt/ros/humble/share/rosidl_generator_cpp/cmake)
[0.360s] -- Using all available rosidl_typesupport_c: rosidl_typesupport_fastrtps_c;rosidl_typesupport_introspection_c
[0.381s] -- Using all available rosidl_typesupport_cpp: rosidl_typesupport_fastrtps_cpp;rosidl_typesupport_introspection_cpp
[0.439s] -- Found rmw_implementation_cmake: 6.1.2 (/opt/ros/humble/share/rmw_implementation_cmake/cmake)
[0.441s] -- Found rmw_fastrtps_cpp: 6.2.7 (/opt/ros/humble/share/rmw_fastrtps_cpp/cmake)
[0.616s] -- Using RMW implementation 'rmw_fastrtps_cpp' as default
[0.708s] -- Found sensor_msgs: 4.2.4 (/opt/ros/humble/share/sensor_msgs/cmake)
[0.758s] -- Found cv_bridge: 3.2.1 (/opt/ros/humble/share/cv_bridge/cmake)
[0.773s] -- Found image_transport: 3.1.9 (/opt/ros/humble/share/image_transport/cmake)
[0.815s] -- Found ament_lint_auto: 0.12.11 (/opt/ros/humble/share/ament_lint_auto/cmake)
[0.964s] -- Added test 'cppcheck' to perform static code analysis on C / C++ code
[0.964s] -- Configured cppcheck include dirs: 
[0.964s] -- Configured cppcheck exclude dirs and/or files: 
[0.965s] -- Added test 'lint_cmake' to check CMake code style
[0.967s] -- Added test 'uncrustify' to check C / C++ code style
[0.967s] -- Configured uncrustify additional arguments: 
[0.968s] -- Added test 'xmllint' to check XML markup files
[0.971s] -- Configuring done
[0.978s] -- Generating done
[0.981s] -- Build files have been written to: /home/dxtl/RM2025第二轮考核/ros2_ws/build/image_fps_processor
[0.993s] Invoked command in '/home/dxtl/RM2025第二轮考核/ros2_ws/build/image_fps_processor' returned '0': CMAKE_PREFIX_PATH=/opt/ros/humble /usr/bin/cmake /home/dxtl/RM2025第二轮考核/ros2_ws/src/image_fps_processor -DCMAKE_INSTALL_PREFIX=/home/dxtl/RM2025第二轮考核/ros2_ws/install/image_fps_processor
[0.997s] Invoking command in '/home/dxtl/RM2025第二轮考核/ros2_ws/build/image_fps_processor': CMAKE_PREFIX_PATH=/opt/ros/humble /usr/bin/cmake --build /home/dxtl/RM2025第二轮考核/ros2_ws/build/image_fps_processor -- -j8 -l8
[1.069s] Invoked command in '/home/dxtl/RM2025第二轮考核/ros2_ws/build/image_fps_processor' returned '0': CMAKE_PREFIX_PATH=/opt/ros/humble /usr/bin/cmake --build /home/dxtl/RM2025第二轮考核/ros2_ws/build/image_fps_processor -- -j8 -l8
[1.123s] Invoking command in '/home/dxtl/RM2025第二轮考核/ros2_ws/build/image_fps_processor': CMAKE_PREFIX_PATH=/opt/ros/humble /usr/bin/cmake --install /home/dxtl/RM2025第二轮考核/ros2_ws/build/image_fps_processor
[1.137s] -- Install configuration: ""
[1.137s] -- Installing: /home/dxtl/RM2025第二轮考核/ros2_ws/install/image_fps_processor/share/ament_index/resource_index/package_run_dependencies/image_fps_processor
[1.137s] -- Installing: /home/dxtl/RM2025第二轮考核/ros2_ws/install/image_fps_processor/share/ament_index/resource_index/parent_prefix_path/image_fps_processor
[1.137s] -- Installing: /home/dxtl/RM2025第二轮考核/ros2_ws/install/image_fps_processor/share/image_fps_processor/environment/ament_prefix_path.sh
[1.137s] -- Installing: /home/dxtl/RM2025第二轮考核/ros2_ws/install/image_fps_processor/share/image_fps_processor/environment/ament_prefix_path.dsv
[1.138s] -- Installing: /home/dxtl/RM2025第二轮考核/ros2_ws/install/image_fps_processor/share/image_fps_processor/environment/path.sh
[1.138s] -- Installing: /home/dxtl/RM2025第二轮考核/ros2_ws/install/image_fps_processor/share/image_fps_processor/environment/path.dsv
[1.138s] -- Installing: /home/dxtl/RM2025第二轮考核/ros2_ws/install/image_fps_processor/share/image_fps_processor/local_setup.bash
[1.138s] -- Installing: /home/dxtl/RM2025第二轮考核/ros2_ws/install/image_fps_processor/share/image_fps_processor/local_setup.sh
[1.139s] -- Installing: /home/dxtl/RM2025第二轮考核/ros2_ws/install/image_fps_processor/share/image_fps_processor/local_setup.zsh
[1.139s] -- Installing: /home/dxtl/RM2025第二轮考核/ros2_ws/install/image_fps_processor/share/image_fps_processor/local_setup.dsv
[1.139s] -- Installing: /home/dxtl/RM2025第二轮考核/ros2_ws/install/image_fps_processor/share/image_fps_processor/package.dsv
[1.139s] -- Installing: /home/dxtl/RM2025第二轮考核/ros2_ws/install/image_fps_processor/share/ament_index/resource_index/packages/image_fps_processor
[1.139s] -- Installing: /home/dxtl/RM2025第二轮考核/ros2_ws/install/image_fps_processor/share/image_fps_processor/cmake/image_fps_processorConfig.cmake
[1.139s] -- Installing: /home/dxtl/RM2025第二轮考核/ros2_ws/install/image_fps_processor/share/image_fps_processor/cmake/image_fps_processorConfig-version.cmake
[1.140s] -- Installing: /home/dxtl/RM2025第二轮考核/ros2_ws/install/image_fps_processor/share/image_fps_processor/package.xml
[1.143s] Invoked command in '/home/dxtl/RM2025第二轮考核/ros2_ws/build/image_fps_processor' returned '0': CMAKE_PREFIX_PATH=/opt/ros/humble /usr/bin/cmake --install /home/dxtl/RM2025第二轮考核/ros2_ws/build/image_fps_processor
