[0.206s] DEBUG:colcon:Command line arguments: ['/usr/bin/colcon', 'build', '--packages-select', 'enemy_detector']
[0.206s] DEBUG:colcon:Parsed command line arguments: Namespace(log_base=None, log_level=None, verb_name='build', build_base='build', install_base='install', merge_install=False, symlink_install=False, test_result_base=None, continue_on_error=False, executor='parallel', parallel_workers=8, event_handlers=None, ignore_user_meta=False, metas=['./colcon.meta'], base_paths=['.'], packages_ignore=None, packages_ignore_regex=None, paths=None, packages_up_to=None, packages_up_to_regex=None, packages_above=None, packages_above_and_dependencies=None, packages_above_depth=None, packages_select_by_dep=None, packages_skip_by_dep=None, packages_skip_up_to=None, packages_select_build_failed=False, packages_skip_build_finished=False, packages_select_test_failures=False, packages_skip_test_passed=False, packages_select=['enemy_detector'], packages_skip=None, packages_select_regex=None, packages_skip_regex=None, packages_start=None, packages_end=None, allow_overriding=[], cmake_args=None, cmake_target=None, cmake_target_skip_unavailable=False, cmake_clean_cache=False, cmake_clean_first=False, cmake_force_configure=False, ament_cmake_args=None, catkin_cmake_args=None, catkin_skip_building_tests=False, verb_parser=<colcon_defaults.argument_parser.defaults.DefaultArgumentsDecorator object at 0x7dc53bf50430>, verb_extension=<colcon_core.verb.build.BuildVerb object at 0x7dc53c0be590>, main=<bound method BuildVerb.main of <colcon_core.verb.build.BuildVerb object at 0x7dc53c0be590>>)
[0.502s] Level 1:colcon.colcon_core.package_discovery:discover_packages(colcon_meta) check parameters
[0.503s] Level 1:colcon.colcon_core.package_discovery:discover_packages(recursive) check parameters
[0.503s] Level 1:colcon.colcon_core.package_discovery:discover_packages(ignore) check parameters
[0.503s] Level 1:colcon.colcon_core.package_discovery:discover_packages(path) check parameters
[0.503s] Level 1:colcon.colcon_core.package_discovery:discover_packages(colcon_meta) discover
[0.503s] Level 1:colcon.colcon_core.package_discovery:discover_packages(recursive) discover
[0.503s] INFO:colcon.colcon_core.package_discovery:Crawling recursively for packages in '/home/dxtl/RM2025第二轮考核/ros2_ws'
[0.503s] Level 1:colcon.colcon_core.package_identification:_identify(.) by extensions ['ignore', 'ignore_ament_install']
[0.503s] Level 1:colcon.colcon_core.package_identification:_identify(.) by extension 'ignore'
[0.504s] Level 1:colcon.colcon_core.package_identification:_identify(.) by extension 'ignore_ament_install'
[0.504s] Level 1:colcon.colcon_core.package_identification:_identify(.) by extensions ['colcon_pkg']
[0.504s] Level 1:colcon.colcon_core.package_identification:_identify(.) by extension 'colcon_pkg'
[0.504s] Level 1:colcon.colcon_core.package_identification:_identify(.) by extensions ['colcon_meta']
[0.504s] Level 1:colcon.colcon_core.package_identification:_identify(.) by extension 'colcon_meta'
[0.504s] Level 1:colcon.colcon_core.package_identification:_identify(.) by extensions ['ros']
[0.504s] Level 1:colcon.colcon_core.package_identification:_identify(.) by extension 'ros'
[0.529s] Level 1:colcon.colcon_core.package_identification:_identify(.) by extensions ['cmake', 'python']
[0.529s] Level 1:colcon.colcon_core.package_identification:_identify(.) by extension 'cmake'
[0.529s] Level 1:colcon.colcon_core.package_identification:_identify(.) by extension 'python'
[0.529s] Level 1:colcon.colcon_core.package_identification:_identify(.) by extensions ['python_setup_py']
[0.529s] Level 1:colcon.colcon_core.package_identification:_identify(.) by extension 'python_setup_py'
[0.529s] Level 1:colcon.colcon_core.package_identification:_identify(build) by extensions ['ignore', 'ignore_ament_install']
[0.530s] Level 1:colcon.colcon_core.package_identification:_identify(build) by extension 'ignore'
[0.530s] Level 1:colcon.colcon_core.package_identification:_identify(build) ignored
[0.530s] Level 1:colcon.colcon_core.package_identification:_identify(install) by extensions ['ignore', 'ignore_ament_install']
[0.530s] Level 1:colcon.colcon_core.package_identification:_identify(install) by extension 'ignore'
[0.530s] Level 1:colcon.colcon_core.package_identification:_identify(install) ignored
[0.530s] Level 1:colcon.colcon_core.package_identification:_identify(log) by extensions ['ignore', 'ignore_ament_install']
[0.531s] Level 1:colcon.colcon_core.package_identification:_identify(log) by extension 'ignore'
[0.531s] Level 1:colcon.colcon_core.package_identification:_identify(log) ignored
[0.531s] Level 1:colcon.colcon_core.package_identification:_identify(src) by extensions ['ignore', 'ignore_ament_install']
[0.531s] Level 1:colcon.colcon_core.package_identification:_identify(src) by extension 'ignore'
[0.531s] Level 1:colcon.colcon_core.package_identification:_identify(src) by extension 'ignore_ament_install'
[0.531s] Level 1:colcon.colcon_core.package_identification:_identify(src) by extensions ['colcon_pkg']
[0.531s] Level 1:colcon.colcon_core.package_identification:_identify(src) by extension 'colcon_pkg'
[0.531s] Level 1:colcon.colcon_core.package_identification:_identify(src) by extensions ['colcon_meta']
[0.531s] Level 1:colcon.colcon_core.package_identification:_identify(src) by extension 'colcon_meta'
[0.531s] Level 1:colcon.colcon_core.package_identification:_identify(src) by extensions ['ros']
[0.531s] Level 1:colcon.colcon_core.package_identification:_identify(src) by extension 'ros'
[0.532s] Level 1:colcon.colcon_core.package_identification:_identify(src) by extensions ['cmake', 'python']
[0.532s] Level 1:colcon.colcon_core.package_identification:_identify(src) by extension 'cmake'
[0.532s] Level 1:colcon.colcon_core.package_identification:_identify(src) by extension 'python'
[0.532s] Level 1:colcon.colcon_core.package_identification:_identify(src) by extensions ['python_setup_py']
[0.532s] Level 1:colcon.colcon_core.package_identification:_identify(src) by extension 'python_setup_py'
[0.532s] Level 1:colcon.colcon_core.package_identification:_identify(src/enemy_detector) by extensions ['ignore', 'ignore_ament_install']
[0.532s] Level 1:colcon.colcon_core.package_identification:_identify(src/enemy_detector) by extension 'ignore'
[0.532s] Level 1:colcon.colcon_core.package_identification:_identify(src/enemy_detector) by extension 'ignore_ament_install'
[0.532s] Level 1:colcon.colcon_core.package_identification:_identify(src/enemy_detector) by extensions ['colcon_pkg']
[0.532s] Level 1:colcon.colcon_core.package_identification:_identify(src/enemy_detector) by extension 'colcon_pkg'
[0.533s] Level 1:colcon.colcon_core.package_identification:_identify(src/enemy_detector) by extensions ['colcon_meta']
[0.533s] Level 1:colcon.colcon_core.package_identification:_identify(src/enemy_detector) by extension 'colcon_meta'
[0.533s] Level 1:colcon.colcon_core.package_identification:_identify(src/enemy_detector) by extensions ['ros']
[0.533s] Level 1:colcon.colcon_core.package_identification:_identify(src/enemy_detector) by extension 'ros'
[0.538s] DEBUG:colcon.colcon_core.package_identification:Package 'src/enemy_detector' with type 'ros.ament_cmake' and name 'enemy_detector'
[0.539s] Level 1:colcon.colcon_core.package_identification:_identify(src/image_fps_processor) by extensions ['ignore', 'ignore_ament_install']
[0.539s] Level 1:colcon.colcon_core.package_identification:_identify(src/image_fps_processor) by extension 'ignore'
[0.539s] Level 1:colcon.colcon_core.package_identification:_identify(src/image_fps_processor) by extension 'ignore_ament_install'
[0.539s] Level 1:colcon.colcon_core.package_identification:_identify(src/image_fps_processor) by extensions ['colcon_pkg']
[0.539s] Level 1:colcon.colcon_core.package_identification:_identify(src/image_fps_processor) by extension 'colcon_pkg'
[0.539s] Level 1:colcon.colcon_core.package_identification:_identify(src/image_fps_processor) by extensions ['colcon_meta']
[0.539s] Level 1:colcon.colcon_core.package_identification:_identify(src/image_fps_processor) by extension 'colcon_meta'
[0.539s] Level 1:colcon.colcon_core.package_identification:_identify(src/image_fps_processor) by extensions ['ros']
[0.539s] Level 1:colcon.colcon_core.package_identification:_identify(src/image_fps_processor) by extension 'ros'
[0.541s] DEBUG:colcon.colcon_core.package_identification:Package 'src/image_fps_processor' with type 'ros.ament_cmake' and name 'image_fps_processor'
[0.541s] Level 1:colcon.colcon_core.package_discovery:discover_packages(recursive) using defaults
[0.541s] Level 1:colcon.colcon_core.package_discovery:discover_packages(ignore) discover
[0.542s] Level 1:colcon.colcon_core.package_discovery:discover_packages(ignore) using defaults
[0.542s] Level 1:colcon.colcon_core.package_discovery:discover_packages(path) discover
[0.542s] Level 1:colcon.colcon_core.package_discovery:discover_packages(path) using defaults
[0.580s] INFO:colcon.colcon_core.package_selection:Skipping not selected package 'image_fps_processor' in 'src/image_fps_processor'
[0.581s] Level 1:colcon.colcon_core.package_discovery:discover_packages(prefix_path) check parameters
[0.581s] Level 1:colcon.colcon_core.package_discovery:discover_packages(prefix_path) discover
[0.586s] DEBUG:colcon.colcon_installed_package_information.package_discovery:Found 271 installed packages in /opt/ros/humble
[0.588s] Level 1:colcon.colcon_core.package_discovery:discover_packages(prefix_path) using defaults
[0.675s] Level 5:colcon.colcon_core.verb:set package 'enemy_detector' build argument 'cmake_args' from command line to 'None'
[0.675s] Level 5:colcon.colcon_core.verb:set package 'enemy_detector' build argument 'cmake_target' from command line to 'None'
[0.675s] Level 5:colcon.colcon_core.verb:set package 'enemy_detector' build argument 'cmake_target_skip_unavailable' from command line to 'False'
[0.675s] Level 5:colcon.colcon_core.verb:set package 'enemy_detector' build argument 'cmake_clean_cache' from command line to 'False'
[0.675s] Level 5:colcon.colcon_core.verb:set package 'enemy_detector' build argument 'cmake_clean_first' from command line to 'False'
[0.675s] Level 5:colcon.colcon_core.verb:set package 'enemy_detector' build argument 'cmake_force_configure' from command line to 'False'
[0.675s] Level 5:colcon.colcon_core.verb:set package 'enemy_detector' build argument 'ament_cmake_args' from command line to 'None'
[0.675s] Level 5:colcon.colcon_core.verb:set package 'enemy_detector' build argument 'catkin_cmake_args' from command line to 'None'
[0.675s] Level 5:colcon.colcon_core.verb:set package 'enemy_detector' build argument 'catkin_skip_building_tests' from command line to 'False'
[0.675s] DEBUG:colcon.colcon_core.verb:Building package 'enemy_detector' with the following arguments: {'ament_cmake_args': None, 'build_base': '/home/dxtl/RM2025第二轮考核/ros2_ws/build/enemy_detector', 'catkin_cmake_args': None, 'catkin_skip_building_tests': False, 'cmake_args': None, 'cmake_clean_cache': False, 'cmake_clean_first': False, 'cmake_force_configure': False, 'cmake_target': None, 'cmake_target_skip_unavailable': False, 'install_base': '/home/dxtl/RM2025第二轮考核/ros2_ws/install/enemy_detector', 'merge_install': False, 'path': '/home/dxtl/RM2025第二轮考核/ros2_ws/src/enemy_detector', 'symlink_install': False, 'test_result_base': None}
[0.676s] INFO:colcon.colcon_core.executor:Executing jobs using 'parallel' executor
[0.677s] DEBUG:colcon.colcon_parallel_executor.executor.parallel:run_until_complete
[0.678s] INFO:colcon.colcon_ros.task.ament_cmake.build:Building ROS package in '/home/dxtl/RM2025第二轮考核/ros2_ws/src/enemy_detector' with build type 'ament_cmake'
[0.678s] INFO:colcon.colcon_cmake.task.cmake.build:Building CMake package in '/home/dxtl/RM2025第二轮考核/ros2_ws/src/enemy_detector'
[0.681s] INFO:colcon.colcon_core.plugin_system:Skipping extension 'colcon_core.shell.bat': Not used on non-Windows systems
[0.681s] INFO:colcon.colcon_core.shell:Skip shell extension 'powershell' for command environment: Not usable outside of PowerShell
[0.681s] DEBUG:colcon.colcon_core.shell:Skip shell extension 'dsv' for command environment
[0.697s] DEBUG:colcon.colcon_core.event_handler.log_command:Invoking command in '/home/dxtl/RM2025第二轮考核/ros2_ws/build/enemy_detector': CMAKE_PREFIX_PATH=/opt/ros/humble /usr/bin/cmake --build /home/dxtl/RM2025第二轮考核/ros2_ws/build/enemy_detector -- -j8 -l8
[18.691s] DEBUG:colcon.colcon_core.event_handler.log_command:Invoked command in '/home/dxtl/RM2025第二轮考核/ros2_ws/build/enemy_detector' returned '0': CMAKE_PREFIX_PATH=/opt/ros/humble /usr/bin/cmake --build /home/dxtl/RM2025第二轮考核/ros2_ws/build/enemy_detector -- -j8 -l8
[18.751s] DEBUG:colcon.colcon_core.event_handler.log_command:Invoking command in '/home/dxtl/RM2025第二轮考核/ros2_ws/build/enemy_detector': CMAKE_PREFIX_PATH=/opt/ros/humble /usr/bin/cmake --install /home/dxtl/RM2025第二轮考核/ros2_ws/build/enemy_detector
[18.774s] Level 1:colcon.colcon_core.environment:create_environment_scripts_only(enemy_detector)
[18.775s] DEBUG:colcon.colcon_core.event_handler.log_command:Invoked command in '/home/dxtl/RM2025第二轮考核/ros2_ws/build/enemy_detector' returned '0': CMAKE_PREFIX_PATH=/opt/ros/humble /usr/bin/cmake --install /home/dxtl/RM2025第二轮考核/ros2_ws/build/enemy_detector
[18.779s] Level 1:colcon.colcon_core.environment:checking '/home/dxtl/RM2025第二轮考核/ros2_ws/install/enemy_detector' for CMake module files
[18.780s] Level 1:colcon.colcon_core.environment:checking '/home/dxtl/RM2025第二轮考核/ros2_ws/install/enemy_detector' for CMake config files
[18.780s] Level 1:colcon.colcon_core.shell:create_environment_hook('enemy_detector', 'cmake_prefix_path')
[18.781s] INFO:colcon.colcon_core.shell:Creating environment hook '/home/dxtl/RM2025第二轮考核/ros2_ws/install/enemy_detector/share/enemy_detector/hook/cmake_prefix_path.ps1'
[18.782s] INFO:colcon.colcon_core.shell:Creating environment descriptor '/home/dxtl/RM2025第二轮考核/ros2_ws/install/enemy_detector/share/enemy_detector/hook/cmake_prefix_path.dsv'
[18.783s] INFO:colcon.colcon_core.shell:Creating environment hook '/home/dxtl/RM2025第二轮考核/ros2_ws/install/enemy_detector/share/enemy_detector/hook/cmake_prefix_path.sh'
[18.784s] Level 1:colcon.colcon_core.environment:checking '/home/dxtl/RM2025第二轮考核/ros2_ws/install/enemy_detector/lib'
[18.785s] Level 1:colcon.colcon_core.environment:checking '/home/dxtl/RM2025第二轮考核/ros2_ws/install/enemy_detector/bin'
[18.785s] Level 1:colcon.colcon_core.environment:checking '/home/dxtl/RM2025第二轮考核/ros2_ws/install/enemy_detector/lib/pkgconfig/enemy_detector.pc'
[18.785s] Level 1:colcon.colcon_core.environment:checking '/home/dxtl/RM2025第二轮考核/ros2_ws/install/enemy_detector/lib/python3.10/site-packages'
[18.786s] Level 1:colcon.colcon_core.environment:checking '/home/dxtl/RM2025第二轮考核/ros2_ws/install/enemy_detector/bin'
[18.786s] INFO:colcon.colcon_core.shell:Creating package script '/home/dxtl/RM2025第二轮考核/ros2_ws/install/enemy_detector/share/enemy_detector/package.ps1'
[18.788s] INFO:colcon.colcon_core.shell:Creating package descriptor '/home/dxtl/RM2025第二轮考核/ros2_ws/install/enemy_detector/share/enemy_detector/package.dsv'
[18.789s] INFO:colcon.colcon_core.shell:Creating package script '/home/dxtl/RM2025第二轮考核/ros2_ws/install/enemy_detector/share/enemy_detector/package.sh'
[18.790s] INFO:colcon.colcon_core.shell:Creating package script '/home/dxtl/RM2025第二轮考核/ros2_ws/install/enemy_detector/share/enemy_detector/package.bash'
[18.792s] INFO:colcon.colcon_core.shell:Creating package script '/home/dxtl/RM2025第二轮考核/ros2_ws/install/enemy_detector/share/enemy_detector/package.zsh'
[18.793s] Level 1:colcon.colcon_core.environment:create_file_with_runtime_dependencies(/home/dxtl/RM2025第二轮考核/ros2_ws/install/enemy_detector/share/colcon-core/packages/enemy_detector)
[18.832s] Level 1:colcon.colcon_core.environment:create_environment_scripts_only(enemy_detector)
[18.833s] Level 1:colcon.colcon_core.environment:checking '/home/dxtl/RM2025第二轮考核/ros2_ws/install/enemy_detector' for CMake module files
[18.833s] Level 1:colcon.colcon_core.environment:checking '/home/dxtl/RM2025第二轮考核/ros2_ws/install/enemy_detector' for CMake config files
[18.834s] Level 1:colcon.colcon_core.shell:create_environment_hook('enemy_detector', 'cmake_prefix_path')
[18.834s] INFO:colcon.colcon_core.shell:Creating environment hook '/home/dxtl/RM2025第二轮考核/ros2_ws/install/enemy_detector/share/enemy_detector/hook/cmake_prefix_path.ps1'
[18.835s] INFO:colcon.colcon_core.shell:Creating environment descriptor '/home/dxtl/RM2025第二轮考核/ros2_ws/install/enemy_detector/share/enemy_detector/hook/cmake_prefix_path.dsv'
[18.836s] INFO:colcon.colcon_core.shell:Creating environment hook '/home/dxtl/RM2025第二轮考核/ros2_ws/install/enemy_detector/share/enemy_detector/hook/cmake_prefix_path.sh'
[18.837s] Level 1:colcon.colcon_core.environment:checking '/home/dxtl/RM2025第二轮考核/ros2_ws/install/enemy_detector/lib'
[18.837s] Level 1:colcon.colcon_core.environment:checking '/home/dxtl/RM2025第二轮考核/ros2_ws/install/enemy_detector/bin'
[18.837s] Level 1:colcon.colcon_core.environment:checking '/home/dxtl/RM2025第二轮考核/ros2_ws/install/enemy_detector/lib/pkgconfig/enemy_detector.pc'
[18.837s] Level 1:colcon.colcon_core.environment:checking '/home/dxtl/RM2025第二轮考核/ros2_ws/install/enemy_detector/lib/python3.10/site-packages'
[18.838s] Level 1:colcon.colcon_core.environment:checking '/home/dxtl/RM2025第二轮考核/ros2_ws/install/enemy_detector/bin'
[18.838s] INFO:colcon.colcon_core.shell:Creating package script '/home/dxtl/RM2025第二轮考核/ros2_ws/install/enemy_detector/share/enemy_detector/package.ps1'
[18.839s] INFO:colcon.colcon_core.shell:Creating package descriptor '/home/dxtl/RM2025第二轮考核/ros2_ws/install/enemy_detector/share/enemy_detector/package.dsv'
[18.840s] INFO:colcon.colcon_core.shell:Creating package script '/home/dxtl/RM2025第二轮考核/ros2_ws/install/enemy_detector/share/enemy_detector/package.sh'
[18.841s] INFO:colcon.colcon_core.shell:Creating package script '/home/dxtl/RM2025第二轮考核/ros2_ws/install/enemy_detector/share/enemy_detector/package.bash'
[18.842s] INFO:colcon.colcon_core.shell:Creating package script '/home/dxtl/RM2025第二轮考核/ros2_ws/install/enemy_detector/share/enemy_detector/package.zsh'
[18.842s] Level 1:colcon.colcon_core.environment:create_file_with_runtime_dependencies(/home/dxtl/RM2025第二轮考核/ros2_ws/install/enemy_detector/share/colcon-core/packages/enemy_detector)
[18.843s] DEBUG:colcon.colcon_parallel_executor.executor.parallel:closing loop
[18.843s] DEBUG:colcon.colcon_parallel_executor.executor.parallel:loop closed
[18.844s] DEBUG:colcon.colcon_parallel_executor.executor.parallel:run_until_complete finished with '0'
[18.844s] DEBUG:colcon.colcon_core.event_reactor:joining thread
[18.852s] INFO:colcon.colcon_core.plugin_system:Skipping extension 'colcon_notification.desktop_notification.terminal_notifier': Not used on non-Darwin systems
[18.853s] INFO:colcon.colcon_core.plugin_system:Skipping extension 'colcon_notification.desktop_notification.win32': Not used on non-Windows systems
[18.853s] INFO:colcon.colcon_notification.desktop_notification:Sending desktop notification using 'notify2'
[18.877s] DEBUG:colcon.colcon_core.event_reactor:joined thread
[18.877s] INFO:colcon.colcon_core.shell:Creating prefix script '/home/dxtl/RM2025第二轮考核/ros2_ws/install/local_setup.ps1'
[18.879s] INFO:colcon.colcon_core.shell:Creating prefix util module '/home/dxtl/RM2025第二轮考核/ros2_ws/install/_local_setup_util_ps1.py'
[18.882s] INFO:colcon.colcon_core.shell:Creating prefix chain script '/home/dxtl/RM2025第二轮考核/ros2_ws/install/setup.ps1'
[18.883s] INFO:colcon.colcon_core.shell:Creating prefix script '/home/dxtl/RM2025第二轮考核/ros2_ws/install/local_setup.sh'
[18.885s] INFO:colcon.colcon_core.shell:Creating prefix util module '/home/dxtl/RM2025第二轮考核/ros2_ws/install/_local_setup_util_sh.py'
[18.885s] INFO:colcon.colcon_core.shell:Creating prefix chain script '/home/dxtl/RM2025第二轮考核/ros2_ws/install/setup.sh'
[18.887s] INFO:colcon.colcon_core.shell:Creating prefix script '/home/dxtl/RM2025第二轮考核/ros2_ws/install/local_setup.bash'
[18.888s] INFO:colcon.colcon_core.shell:Creating prefix chain script '/home/dxtl/RM2025第二轮考核/ros2_ws/install/setup.bash'
[18.890s] INFO:colcon.colcon_core.shell:Creating prefix script '/home/dxtl/RM2025第二轮考核/ros2_ws/install/local_setup.zsh'
[18.890s] INFO:colcon.colcon_core.shell:Creating prefix chain script '/home/dxtl/RM2025第二轮考核/ros2_ws/install/setup.zsh'
