[01m[K/home/dxtl/RM2025第二轮考核/ros2_ws/src/enemy_detector/src/coordinate_transform_node.cpp:71:30:[m[K [01;31m[Kerror: [m[K‘[01m[KBuffer[m[K’ is not a member of ‘[01m[Ktf2_ros[m[K’
   71 |     std::shared_ptr<tf2_ros::[01;31m[KBuffer[m[K> tf_buffer_;
      |                              [01;31m[K^~~~~~[m[K
[01m[K/home/dxtl/RM2025第二轮考核/ros2_ws/src/enemy_detector/src/coordinate_transform_node.cpp:71:36:[m[K [01;31m[Kerror: [m[Ktemplate argument 1 is invalid
   71 |     std::shared_ptr<tf2_ros::Buffer[01;31m[K>[m[K tf_buffer_;
      |                                    [01;31m[K^[m[K
[01m[K/home/dxtl/RM2025第二轮考核/ros2_ws/src/enemy_detector/src/coordinate_transform_node.cpp:[m[K In constructor ‘[01m[KCoordinateTransformNode::CoordinateTransformNode()[m[K’:
[01m[K/home/dxtl/RM2025第二轮考核/ros2_ws/src/enemy_detector/src/coordinate_transform_node.cpp:17:48:[m[K [01;31m[Kerror: [m[K‘[01m[KBuffer[m[K’ is not a member of ‘[01m[Ktf2_ros[m[K’
   17 |         tf_buffer_ = std::make_shared<tf2_ros::[01;31m[KBuffer[m[K>(this->get_clock());
      |                                                [01;31m[K^~~~~~[m[K
[01m[K/home/dxtl/RM2025第二轮考核/ros2_ws/src/enemy_detector/src/coordinate_transform_node.cpp:17:55:[m[K [01;31m[Kerror: [m[Kno matching function for call to ‘[01m[Kmake_shared<<expression error> >(rclcpp::Clock::SharedPtr)[m[K’
   17 |         tf_buffer_ = [01;31m[Kstd::make_shared<tf2_ros::Buffer>(this->get_clock())[m[K;
      |                      [01;31m[K~~~~~~~~~~~~~~~~~~~~~~~~~~~~~~~~~^~~~~~~~~~~~~~~~~~~[m[K
In file included from [01m[K/usr/include/c++/11/memory:77[m[K,
                 from [01m[K/opt/ros/humble/include/rclcpp/rclcpp/rclcpp.hpp:153[m[K,
                 from [01m[K/home/dxtl/RM2025第二轮考核/ros2_ws/src/enemy_detector/src/coordinate_transform_node.cpp:1[m[K:
[01m[K/usr/include/c++/11/bits/shared_ptr.h:875:5:[m[K [01;36m[Knote: [m[Kcandidate: ‘[01m[Ktemplate<class _Tp, class ... _Args> std::shared_ptr<_Tp> std::make_shared(_Args&& ...)[m[K’
  875 |     [01;36m[Kmake_shared[m[K(_Args&&... __args)
      |     [01;36m[K^~~~~~~~~~~[m[K
[01m[K/usr/include/c++/11/bits/shared_ptr.h:875:5:[m[K [01;36m[Knote: [m[K  template argument deduction/substitution failed:
[01m[K/home/dxtl/RM2025第二轮考核/ros2_ws/src/enemy_detector/src/coordinate_transform_node.cpp:17:55:[m[K [01;31m[Kerror: [m[Ktemplate argument 1 is invalid
   17 |         tf_buffer_ = [01;31m[Kstd::make_shared<tf2_ros::Buffer>(this->get_clock())[m[K;
      |                      [01;31m[K~~~~~~~~~~~~~~~~~~~~~~~~~~~~~~~~~^~~~~~~~~~~~~~~~~~~[m[K
[01m[K/home/dxtl/RM2025第二轮考核/ros2_ws/src/enemy_detector/src/coordinate_transform_node.cpp:18:69:[m[K [01;31m[Kerror: [m[Kinvalid type argument of unary ‘[01m[K*[m[K’ (have ‘[01m[Kint[m[K’)
   18 | tf_listener_ = std::make_shared<tf2_ros::TransformListener>([01;31m[K*tf_buffer_[m[K);
      |                                                             [01;31m[K^~~~~~~~~~~[m[K

[01m[K/home/dxtl/RM2025第二轮考核/ros2_ws/src/enemy_detector/src/coordinate_transform_node.cpp:[m[K In member function ‘[01m[Kvoid CoordinateTransformNode::coordsCallback(geometry_msgs::msg::PointStamped_<std::allocator<void> >::SharedPtr)[m[K’:
[01m[K/home/dxtl/RM2025第二轮考核/ros2_ws/src/enemy_detector/src/coordinate_transform_node.cpp:40:23:[m[K [01;31m[Kerror: [m[Kbase operand of ‘[01m[K->[m[K’ is not a pointer
   40 |             tf_buffer_[01;31m[K->[m[Ktransform(camera_coords, base_link_coords, "base_link", tf2::durationFromSec(1.0));
      |                       [01;31m[K^~[m[K
gmake[2]: *** [CMakeFiles/coordinate_transform_node.dir/build.make:76：CMakeFiles/coordinate_transform_node.dir/src/coordinate_transform_node.cpp.o] 错误 1
gmake[1]: *** [CMakeFiles/Makefile2:137：CMakeFiles/coordinate_transform_node.dir/all] 错误 2
gmake: *** [Makefile:146：all] 错误 2
