[0.019s] Invoking command in '/home/dxtl/RM2025第二轮考核/ros2_ws/build/enemy_marker_publisher': CMAKE_PREFIX_PATH=${CMAKE_PREFIX_PATH}:/opt/ros/humble /usr/bin/cmake /home/dxtl/RM2025第二轮考核/ros2_ws/src/enemy_marker_publisher -DCMAKE_INSTALL_PREFIX=/home/dxtl/RM2025第二轮考核/ros2_ws/install/enemy_marker_publisher
[0.151s] -- The C compiler identification is GNU 11.4.0
[0.274s] -- The CXX compiler identification is GNU 11.4.0
[0.293s] -- Detecting C compiler ABI info
[0.425s] -- Detecting C compiler ABI info - done
[0.440s] -- Check for working C compiler: /usr/bin/cc - skipped
[0.442s] -- Detecting C compile features
[0.443s] -- Detecting C compile features - done
[0.451s] -- Detecting CXX compiler ABI info
[0.600s] -- Detecting CXX compiler ABI info - done
[0.617s] -- Check for working CXX compiler: /usr/bin/c++ - skipped
[0.617s] -- Detecting CXX compile features
[0.618s] -- Detecting CXX compile features - done
[0.630s] -- Found ament_cmake: 1.3.10 (/opt/ros/humble/share/ament_cmake/cmake)
[0.938s] -- Found Python3: /usr/bin/python3 (found version "3.10.12") found components: Interpreter 
[1.119s] -- Found rclcpp: 16.0.10 (/opt/ros/humble/share/rclcpp/cmake)
[1.202s] -- Found rosidl_generator_c: 3.1.5 (/opt/ros/humble/share/rosidl_generator_c/cmake)
[1.213s] -- Found rosidl_adapter: 3.1.5 (/opt/ros/humble/share/rosidl_adapter/cmake)
[1.233s] -- Found rosidl_generator_cpp: 3.1.5 (/opt/ros/humble/share/rosidl_generator_cpp/cmake)
[1.261s] -- Using all available rosidl_typesupport_c: rosidl_typesupport_fastrtps_c;rosidl_typesupport_introspection_c
[1.295s] -- Using all available rosidl_typesupport_cpp: rosidl_typesupport_fastrtps_cpp;rosidl_typesupport_introspection_cpp
[1.381s] -- Found rmw_implementation_cmake: 6.1.2 (/opt/ros/humble/share/rmw_implementation_cmake/cmake)
[1.386s] -- Found rmw_fastrtps_cpp: 6.2.7 (/opt/ros/humble/share/rmw_fastrtps_cpp/cmake)
[1.542s] -- Found OpenSSL: /usr/lib/x86_64-linux-gnu/libcrypto.so (found version "3.0.2")  
[1.595s] -- Found FastRTPS: /opt/ros/humble/include  
[1.673s] -- Using RMW implementation 'rmw_fastrtps_cpp' as default
[1.690s] -- Looking for pthread.h
[1.823s] -- Looking for pthread.h - found
[1.824s] -- Performing Test CMAKE_HAVE_LIBC_PTHREAD
[1.960s] -- Performing Test CMAKE_HAVE_LIBC_PTHREAD - Success
[1.962s] -- Found Threads: TRUE  
[2.072s] -- Found geometry_msgs: 4.2.4 (/opt/ros/humble/share/geometry_msgs/cmake)
[2.102s] -- Found tf2_ros: 0.25.7 (/opt/ros/humble/share/tf2_ros/cmake)
[2.321s] -- Found tf2_geometry_msgs: 0.25.7 (/opt/ros/humble/share/tf2_geometry_msgs/cmake)
[2.345s] -- Found eigen3_cmake_module: 0.1.1 (/opt/ros/humble/share/eigen3_cmake_module/cmake)
[2.347s] -- Found Eigen3: TRUE (found version "3.4.0") 
[2.348s] -- Ensuring Eigen3 include directory is part of orocos-kdl CMake target
[2.353s] -- Found visualization_msgs: 4.2.4 (/opt/ros/humble/share/visualization_msgs/cmake)
[2.431s] -- Found ament_lint_auto: 0.12.11 (/opt/ros/humble/share/ament_lint_auto/cmake)
[2.596s] -- Added test 'cppcheck' to perform static code analysis on C / C++ code
[2.597s] -- Configured cppcheck include dirs: 
[2.597s] -- Configured cppcheck exclude dirs and/or files: 
[2.598s] -- Added test 'lint_cmake' to check CMake code style
[2.601s] -- Added test 'uncrustify' to check C / C++ code style
[2.601s] -- Configured uncrustify additional arguments: 
[2.602s] -- Added test 'xmllint' to check XML markup files
[2.604s] -- Configuring done
[2.627s] -- Generating done
[2.630s] -- Build files have been written to: /home/dxtl/RM2025第二轮考核/ros2_ws/build/enemy_marker_publisher
[2.651s] Invoked command in '/home/dxtl/RM2025第二轮考核/ros2_ws/build/enemy_marker_publisher' returned '0': CMAKE_PREFIX_PATH=${CMAKE_PREFIX_PATH}:/opt/ros/humble /usr/bin/cmake /home/dxtl/RM2025第二轮考核/ros2_ws/src/enemy_marker_publisher -DCMAKE_INSTALL_PREFIX=/home/dxtl/RM2025第二轮考核/ros2_ws/install/enemy_marker_publisher
[2.656s] Invoking command in '/home/dxtl/RM2025第二轮考核/ros2_ws/build/enemy_marker_publisher': CMAKE_PREFIX_PATH=${CMAKE_PREFIX_PATH}:/opt/ros/humble /usr/bin/cmake --build /home/dxtl/RM2025第二轮考核/ros2_ws/build/enemy_marker_publisher -- -j8 -l8
[2.753s] [ 50%] [32mBuilding CXX object CMakeFiles/enemy_marker_node.dir/src/enemy_marker_node.cpp.o[0m
[22.126s] [100%] [32m[1mLinking CXX executable enemy_marker_node[0m
[23.096s] [100%] Built target enemy_marker_node
[23.118s] Invoked command in '/home/dxtl/RM2025第二轮考核/ros2_ws/build/enemy_marker_publisher' returned '0': CMAKE_PREFIX_PATH=${CMAKE_PREFIX_PATH}:/opt/ros/humble /usr/bin/cmake --build /home/dxtl/RM2025第二轮考核/ros2_ws/build/enemy_marker_publisher -- -j8 -l8
[23.183s] Invoking command in '/home/dxtl/RM2025第二轮考核/ros2_ws/build/enemy_marker_publisher': CMAKE_PREFIX_PATH=${CMAKE_PREFIX_PATH}:/opt/ros/humble /usr/bin/cmake --install /home/dxtl/RM2025第二轮考核/ros2_ws/build/enemy_marker_publisher
[23.197s] -- Install configuration: ""
[23.197s] -- Installing: /home/dxtl/RM2025第二轮考核/ros2_ws/install/enemy_marker_publisher/lib/enemy_marker_publisher/enemy_marker_node
[23.203s] -- Set runtime path of "/home/dxtl/RM2025第二轮考核/ros2_ws/install/enemy_marker_publisher/lib/enemy_marker_publisher/enemy_marker_node" to ""
[23.203s] -- Installing: /home/dxtl/RM2025第二轮考核/ros2_ws/install/enemy_marker_publisher/share/ament_index/resource_index/package_run_dependencies/enemy_marker_publisher
[23.203s] -- Installing: /home/dxtl/RM2025第二轮考核/ros2_ws/install/enemy_marker_publisher/share/ament_index/resource_index/parent_prefix_path/enemy_marker_publisher
[23.204s] -- Installing: /home/dxtl/RM2025第二轮考核/ros2_ws/install/enemy_marker_publisher/share/enemy_marker_publisher/environment/ament_prefix_path.sh
[23.204s] -- Installing: /home/dxtl/RM2025第二轮考核/ros2_ws/install/enemy_marker_publisher/share/enemy_marker_publisher/environment/ament_prefix_path.dsv
[23.204s] -- Installing: /home/dxtl/RM2025第二轮考核/ros2_ws/install/enemy_marker_publisher/share/enemy_marker_publisher/environment/path.sh
[23.204s] -- Installing: /home/dxtl/RM2025第二轮考核/ros2_ws/install/enemy_marker_publisher/share/enemy_marker_publisher/environment/path.dsv
[23.205s] -- Installing: /home/dxtl/RM2025第二轮考核/ros2_ws/install/enemy_marker_publisher/share/enemy_marker_publisher/local_setup.bash
[23.205s] -- Installing: /home/dxtl/RM2025第二轮考核/ros2_ws/install/enemy_marker_publisher/share/enemy_marker_publisher/local_setup.sh
[23.205s] -- Installing: /home/dxtl/RM2025第二轮考核/ros2_ws/install/enemy_marker_publisher/share/enemy_marker_publisher/local_setup.zsh
[23.205s] -- Installing: /home/dxtl/RM2025第二轮考核/ros2_ws/install/enemy_marker_publisher/share/enemy_marker_publisher/local_setup.dsv
[23.205s] -- Installing: /home/dxtl/RM2025第二轮考核/ros2_ws/install/enemy_marker_publisher/share/enemy_marker_publisher/package.dsv
[23.206s] -- Installing: /home/dxtl/RM2025第二轮考核/ros2_ws/install/enemy_marker_publisher/share/ament_index/resource_index/packages/enemy_marker_publisher
[23.206s] -- Installing: /home/dxtl/RM2025第二轮考核/ros2_ws/install/enemy_marker_publisher/share/enemy_marker_publisher/cmake/enemy_marker_publisherConfig.cmake
[23.206s] -- Installing: /home/dxtl/RM2025第二轮考核/ros2_ws/install/enemy_marker_publisher/share/enemy_marker_publisher/cmake/enemy_marker_publisherConfig-version.cmake
[23.207s] -- Installing: /home/dxtl/RM2025第二轮考核/ros2_ws/install/enemy_marker_publisher/share/enemy_marker_publisher/package.xml
[23.210s] Invoked command in '/home/dxtl/RM2025第二轮考核/ros2_ws/build/enemy_marker_publisher' returned '0': CMAKE_PREFIX_PATH=${CMAKE_PREFIX_PATH}:/opt/ros/humble /usr/bin/cmake --install /home/dxtl/RM2025第二轮考核/ros2_ws/build/enemy_marker_publisher
