[0.019s] Invoking command in '/home/dxtl/RM2025第二轮考核/ros2_ws/build/enemy_detector': CMAKE_PREFIX_PATH=/opt/ros/humble /usr/bin/cmake --build /home/dxtl/RM2025第二轮考核/ros2_ws/build/enemy_detector -- -j8 -l8
[0.062s] -- Found ament_cmake: 1.3.10 (/opt/ros/humble/share/ament_cmake/cmake)
[0.287s] -- Found rclcpp: 16.0.10 (/opt/ros/humble/share/rclcpp/cmake)
[0.336s] -- Found rosidl_generator_c: 3.1.5 (/opt/ros/humble/share/rosidl_generator_c/cmake)
[0.341s] -- Found rosidl_adapter: 3.1.5 (/opt/ros/humble/share/rosidl_adapter/cmake)
[0.351s] -- Found rosidl_generator_cpp: 3.1.5 (/opt/ros/humble/share/rosidl_generator_cpp/cmake)
[0.369s] -- Using all available rosidl_typesupport_c: rosidl_typesupport_fastrtps_c;rosidl_typesupport_introspection_c
[0.391s] -- Using all available rosidl_typesupport_cpp: rosidl_typesupport_fastrtps_cpp;rosidl_typesupport_introspection_cpp
[0.447s] -- Found rmw_implementation_cmake: 6.1.2 (/opt/ros/humble/share/rmw_implementation_cmake/cmake)
[0.449s] -- Found rmw_fastrtps_cpp: 6.2.7 (/opt/ros/humble/share/rmw_fastrtps_cpp/cmake)
[0.615s] -- Using RMW implementation 'rmw_fastrtps_cpp' as default
[0.700s] -- Found geometry_msgs: 4.2.4 (/opt/ros/humble/share/geometry_msgs/cmake)
[0.721s] -- Found ament_lint_auto: 0.12.11 (/opt/ros/humble/share/ament_lint_auto/cmake)
[0.840s] -- Added test 'cppcheck' to perform static code analysis on C / C++ code
[0.841s] -- Configured cppcheck include dirs: 
[0.841s] -- Configured cppcheck exclude dirs and/or files: 
[0.842s] -- Added test 'lint_cmake' to check CMake code style
[0.843s] -- Added test 'uncrustify' to check C / C++ code style
[0.843s] -- Configured uncrustify additional arguments: 
[0.844s] -- Added test 'xmllint' to check XML markup files
[0.845s] -- Configuring done
[0.861s] -- Generating done
[0.864s] -- Build files have been written to: /home/dxtl/RM2025第二轮考核/ros2_ws/build/enemy_detector
[0.924s] [ 50%] [32mBuilding CXX object CMakeFiles/enemy_coordinates_node.dir/src/enemy_coordinates_node.cpp.o[0m
[5.715s] [01m[K/home/dxtl/RM2025第二轮考核/ros2_ws/src/enemy_detector/src/enemy_coordinates_node.cpp:[m[K In member function ‘[01m[Kvoid EnemyCoordinatesNode::pointCallback(geometry_msgs::msg::PointStamped_<std::allocator<void> >::SharedPtr)[m[K’:
[5.715s] [01m[K/home/dxtl/RM2025第二轮考核/ros2_ws/src/enemy_detector/src/enemy_coordinates_node.cpp:26:30:[m[K [01;31m[Kerror: [m[Kno match for ‘[01m[Koperator=[m[K’ (operand types are ‘[01m[Kgeometry_msgs::msg::Point_<std::allocator<void> >::SharedPtr[m[K’ {aka ‘[01m[Kstd::shared_ptr<geometry_msgs::msg::Point_<std::allocator<void> > >[m[K’} and ‘[01m[Kgeometry_msgs::msg::PointStamped_<std::allocator<void> >::_point_type[m[K’ {aka ‘[01m[Kgeometry_msgs::msg::Point_<std::allocator<void> >[m[K’})
[5.715s]    26 |         latest_point_ = msg->[01;31m[Kpoint[m[K;
[5.715s]       |                              [01;31m[K^~~~~[m[K
[5.715s] In file included from [01m[K/usr/include/c++/11/memory:77[m[K,
[5.715s]                  from [01m[K/opt/ros/humble/include/rclcpp/rclcpp/rclcpp.hpp:153[m[K,
[5.716s]                  from [01m[K/home/dxtl/RM2025第二轮考核/ros2_ws/src/enemy_detector/src/enemy_coordinates_node.cpp:1[m[K:
[5.716s] [01m[K/usr/include/c++/11/bits/shared_ptr.h:363:9:[m[K [01;36m[Knote: [m[Kcandidate: ‘[01m[Ktemplate<class _Yp> std::shared_ptr<_Tp>::_Assignable<const std::shared_ptr<_Yp>&> std::shared_ptr<_Tp>::operator=(const std::shared_ptr<_Yp>&) [with _Yp = _Yp; _Tp = geometry_msgs::msg::Point_<std::allocator<void> >][m[K’
[5.716s]   363 |         [01;36m[Koperator[m[K=(const shared_ptr<_Yp>& __r) noexcept
[5.716s]       |         [01;36m[K^~~~~~~~[m[K
[5.716s] [01m[K/usr/include/c++/11/bits/shared_ptr.h:363:9:[m[K [01;36m[Knote: [m[K  template argument deduction/substitution failed:
[5.717s] [01m[K/home/dxtl/RM2025第二轮考核/ros2_ws/src/enemy_detector/src/enemy_coordinates_node.cpp:26:30:[m[K [01;36m[Knote: [m[K  ‘[01m[Kgeometry_msgs::msg::PointStamped_<std::allocator<void> >::_point_type[m[K’ {aka ‘[01m[Kgeometry_msgs::msg::Point_<std::allocator<void> >[m[K’} is not derived from ‘[01m[Kconst std::shared_ptr<_Tp>[m[K’
[5.717s]    26 |         latest_point_ = msg->[01;36m[Kpoint[m[K;
[5.717s]       |                              [01;36m[K^~~~~[m[K
[5.717s] In file included from [01m[K/usr/include/c++/11/memory:77[m[K,
[5.717s]                  from [01m[K/opt/ros/humble/include/rclcpp/rclcpp/rclcpp.hpp:153[m[K,
[5.717s]                  from [01m[K/home/dxtl/RM2025第二轮考核/ros2_ws/src/enemy_detector/src/enemy_coordinates_node.cpp:1[m[K:
[5.717s] [01m[K/usr/include/c++/11/bits/shared_ptr.h:374:9:[m[K [01;36m[Knote: [m[Kcandidate: ‘[01m[Ktemplate<class _Yp> std::shared_ptr<_Tp>::_Assignable<std::auto_ptr<_Up> > std::shared_ptr<_Tp>::operator=(std::auto_ptr<_Up>&&) [with _Yp = _Yp; _Tp = geometry_msgs::msg::Point_<std::allocator<void> >][m[K’
[5.717s]   374 |         [01;36m[Koperator[m[K=(auto_ptr<_Yp>&& __r)
[5.717s]       |         [01;36m[K^~~~~~~~[m[K
[5.717s] [01m[K/usr/include/c++/11/bits/shared_ptr.h:374:9:[m[K [01;36m[Knote: [m[K  template argument deduction/substitution failed:
[5.718s] [01m[K/home/dxtl/RM2025第二轮考核/ros2_ws/src/enemy_detector/src/enemy_coordinates_node.cpp:26:30:[m[K [01;36m[Knote: [m[K  ‘[01m[Kgeometry_msgs::msg::PointStamped_<std::allocator<void> >::_point_type[m[K’ {aka ‘[01m[Kgeometry_msgs::msg::Point_<std::allocator<void> >[m[K’} is not derived from ‘[01m[Kstd::auto_ptr<_Up>[m[K’
[5.718s]    26 |         latest_point_ = msg->[01;36m[Kpoint[m[K;
[5.718s]       |                              [01;36m[K^~~~~[m[K
[5.718s] In file included from [01m[K/usr/include/c++/11/memory:77[m[K,
[5.718s]                  from [01m[K/opt/ros/humble/include/rclcpp/rclcpp/rclcpp.hpp:153[m[K,
[5.718s]                  from [01m[K/home/dxtl/RM2025第二轮考核/ros2_ws/src/enemy_detector/src/enemy_coordinates_node.cpp:1[m[K:
[5.718s] [01m[K/usr/include/c++/11/bits/shared_ptr.h:391:9:[m[K [01;36m[Knote: [m[Kcandidate: ‘[01m[Ktemplate<class _Yp> std::shared_ptr<_Tp>::_Assignable<std::shared_ptr<_Yp> > std::shared_ptr<_Tp>::operator=(std::shared_ptr<_Yp>&&) [with _Yp = _Yp; _Tp = geometry_msgs::msg::Point_<std::allocator<void> >][m[K’
[5.718s]   391 |         [01;36m[Koperator[m[K=(shared_ptr<_Yp>&& __r) noexcept
[5.718s]       |         [01;36m[K^~~~~~~~[m[K
[5.718s] [01m[K/usr/include/c++/11/bits/shared_ptr.h:391:9:[m[K [01;36m[Knote: [m[K  template argument deduction/substitution failed:
[5.719s] [01m[K/home/dxtl/RM2025第二轮考核/ros2_ws/src/enemy_detector/src/enemy_coordinates_node.cpp:26:30:[m[K [01;36m[Knote: [m[K  ‘[01m[Kgeometry_msgs::msg::PointStamped_<std::allocator<void> >::_point_type[m[K’ {aka ‘[01m[Kgeometry_msgs::msg::Point_<std::allocator<void> >[m[K’} is not derived from ‘[01m[Kstd::shared_ptr<_Tp>[m[K’
[5.719s]    26 |         latest_point_ = msg->[01;36m[Kpoint[m[K;
[5.719s]       |                              [01;36m[K^~~~~[m[K
[5.719s] In file included from [01m[K/usr/include/c++/11/memory:77[m[K,
[5.719s]                  from [01m[K/opt/ros/humble/include/rclcpp/rclcpp/rclcpp.hpp:153[m[K,
[5.719s]                  from [01m[K/home/dxtl/RM2025第二轮考核/ros2_ws/src/enemy_detector/src/enemy_coordinates_node.cpp:1[m[K:
[5.719s] [01m[K/usr/include/c++/11/bits/shared_ptr.h:399:9:[m[K [01;36m[Knote: [m[Kcandidate: ‘[01m[Ktemplate<class _Yp, class _Del> std::shared_ptr<_Tp>::_Assignable<std::unique_ptr<_Up, _Ep> > std::shared_ptr<_Tp>::operator=(std::unique_ptr<_Up, _Ep>&&) [with _Yp = _Yp; _Del = _Del; _Tp = geometry_msgs::msg::Point_<std::allocator<void> >][m[K’
[5.719s]   399 |         [01;36m[Koperator[m[K=(unique_ptr<_Yp, _Del>&& __r)
[5.719s]       |         [01;36m[K^~~~~~~~[m[K
[5.720s] [01m[K/usr/include/c++/11/bits/shared_ptr.h:399:9:[m[K [01;36m[Knote: [m[K  template argument deduction/substitution failed:
[5.720s] [01m[K/home/dxtl/RM2025第二轮考核/ros2_ws/src/enemy_detector/src/enemy_coordinates_node.cpp:26:30:[m[K [01;36m[Knote: [m[K  ‘[01m[Kgeometry_msgs::msg::PointStamped_<std::allocator<void> >::_point_type[m[K’ {aka ‘[01m[Kgeometry_msgs::msg::Point_<std::allocator<void> >[m[K’} is not derived from ‘[01m[Kstd::unique_ptr<_Tp, _Dp>[m[K’
[5.720s]    26 |         latest_point_ = msg->[01;36m[Kpoint[m[K;
[5.720s]       |                              [01;36m[K^~~~~[m[K
[5.720s] In file included from [01m[K/usr/include/c++/11/memory:77[m[K,
[5.720s]                  from [01m[K/opt/ros/humble/include/rclcpp/rclcpp/rclcpp.hpp:153[m[K,
[5.720s]                  from [01m[K/home/dxtl/RM2025第二轮考核/ros2_ws/src/enemy_detector/src/enemy_coordinates_node.cpp:1[m[K:
[5.720s] [01m[K/usr/include/c++/11/bits/shared_ptr.h:359:19:[m[K [01;36m[Knote: [m[Kcandidate: ‘[01m[Kstd::shared_ptr<_Tp>& std::shared_ptr<_Tp>::operator=(const std::shared_ptr<_Tp>&) [with _Tp = geometry_msgs::msg::Point_<std::allocator<void> >][m[K’
[5.720s]   359 |       shared_ptr& [01;36m[Koperator[m[K=(const shared_ptr&) noexcept = default;
[5.720s]       |                   [01;36m[K^~~~~~~~[m[K
[5.721s] [01m[K/usr/include/c++/11/bits/shared_ptr.h:359:29:[m[K [01;36m[Knote: [m[K  no known conversion for argument 1 from ‘[01m[Kgeometry_msgs::msg::PointStamped_<std::allocator<void> >::_point_type[m[K’ {aka ‘[01m[Kgeometry_msgs::msg::Point_<std::allocator<void> >[m[K’} to ‘[01m[Kconst std::shared_ptr<geometry_msgs::msg::Point_<std::allocator<void> > >&[m[K’
[5.721s]   359 |       shared_ptr& operator=([01;36m[Kconst shared_ptr&[m[K) noexcept = default;
[5.721s]       |                             [01;36m[K^~~~~~~~~~~~~~~~~[m[K
[5.721s] [01m[K/usr/include/c++/11/bits/shared_ptr.h:383:7:[m[K [01;36m[Knote: [m[Kcandidate: ‘[01m[Kstd::shared_ptr<_Tp>& std::shared_ptr<_Tp>::operator=(std::shared_ptr<_Tp>&&) [with _Tp = geometry_msgs::msg::Point_<std::allocator<void> >][m[K’
[5.721s]   383 |       [01;36m[Koperator[m[K=(shared_ptr&& __r) noexcept
[5.721s]       |       [01;36m[K^~~~~~~~[m[K
[5.721s] [01m[K/usr/include/c++/11/bits/shared_ptr.h:383:30:[m[K [01;36m[Knote: [m[K  no known conversion for argument 1 from ‘[01m[Kgeometry_msgs::msg::PointStamped_<std::allocator<void> >::_point_type[m[K’ {aka ‘[01m[Kgeometry_msgs::msg::Point_<std::allocator<void> >[m[K’} to ‘[01m[Kstd::shared_ptr<geometry_msgs::msg::Point_<std::allocator<void> > >&&[m[K’
[5.721s]   383 |       operator=([01;36m[Kshared_ptr&& __r[m[K) noexcept
[5.721s]       |                 [01;36m[K~~~~~~~~~~~~~^~~[m[K
[5.721s] In file included from [01m[K/opt/ros/humble/include/rclcpp/rclcpp/logging.hpp:24[m[K,
[5.722s]                  from [01m[K/opt/ros/humble/include/rclcpp/rclcpp/client.hpp:40[m[K,
[5.722s]                  from [01m[K/opt/ros/humble/include/rclcpp/rclcpp/callback_group.hpp:24[m[K,
[5.722s]                  from [01m[K/opt/ros/humble/include/rclcpp/rclcpp/any_executable.hpp:20[m[K,
[5.722s]                  from [01m[K/opt/ros/humble/include/rclcpp/rclcpp/memory_strategy.hpp:25[m[K,
[5.722s]                  from [01m[K/opt/ros/humble/include/rclcpp/rclcpp/memory_strategies.hpp:18[m[K,
[5.722s]                  from [01m[K/opt/ros/humble/include/rclcpp/rclcpp/executor_options.hpp:20[m[K,
[5.722s]                  from [01m[K/opt/ros/humble/include/rclcpp/rclcpp/executor.hpp:37[m[K,
[5.722s]                  from [01m[K/opt/ros/humble/include/rclcpp/rclcpp/executors/multi_threaded_executor.hpp:25[m[K,
[5.722s]                  from [01m[K/opt/ros/humble/include/rclcpp/rclcpp/executors.hpp:21[m[K,
[5.722s]                  from [01m[K/opt/ros/humble/include/rclcpp/rclcpp/rclcpp.hpp:155[m[K,
[5.723s]                  from [01m[K/home/dxtl/RM2025第二轮考核/ros2_ws/src/enemy_detector/src/enemy_coordinates_node.cpp:1[m[K:
[5.723s] [01m[K/home/dxtl/RM2025第二轮考核/ros2_ws/src/enemy_detector/src/enemy_coordinates_node.cpp:28:35:[m[K [01;31m[Kerror: [m[K‘[01m[Kusing SharedPtr = class std::shared_ptr<geometry_msgs::msg::Point_<std::allocator<void> > >[m[K’ {aka ‘[01m[Kclass std::shared_ptr<geometry_msgs::msg::Point_<std::allocator<void> > >[m[K’} has no member named ‘[01m[Kx[m[K’
[5.723s]    28 |                     latest_point_.[01;31m[Kx[m[K, latest_point_.y, latest_point_.z);
[5.723s]       |                                   [01;31m[K^[m[K
[5.723s] [01m[K/home/dxtl/RM2025第二轮考核/ros2_ws/src/enemy_detector/src/enemy_coordinates_node.cpp:28:52:[m[K [01;31m[Kerror: [m[K‘[01m[Kusing SharedPtr = class std::shared_ptr<geometry_msgs::msg::Point_<std::allocator<void> > >[m[K’ {aka ‘[01m[Kclass std::shared_ptr<geometry_msgs::msg::Point_<std::allocator<void> > >[m[K’} has no member named ‘[01m[Ky[m[K’
[5.723s]    28 |                     latest_point_.x, latest_point_.[01;31m[Ky[m[K, latest_point_.z);
[5.723s]       |                                                    [01;31m[K^[m[K
[5.723s] [01m[K/home/dxtl/RM2025第二轮考核/ros2_ws/src/enemy_detector/src/enemy_coordinates_node.cpp:28:69:[m[K [01;31m[Kerror: [m[K‘[01m[Kusing SharedPtr = class std::shared_ptr<geometry_msgs::msg::Point_<std::allocator<void> > >[m[K’ {aka ‘[01m[Kclass std::shared_ptr<geometry_msgs::msg::Point_<std::allocator<void> > >[m[K’} has no member named ‘[01m[Kz[m[K’
[5.723s]    28 |                     latest_point_.x, latest_point_.y, latest_point_.[01;31m[Kz[m[K);
[5.724s]       |                                                                     [01;31m[K^[m[K
[10.702s] gmake[2]: *** [CMakeFiles/enemy_coordinates_node.dir/build.make:76：CMakeFiles/enemy_coordinates_node.dir/src/enemy_coordinates_node.cpp.o] 错误 1
[10.703s] gmake[1]: *** [CMakeFiles/Makefile2:137：CMakeFiles/enemy_coordinates_node.dir/all] 错误 2
[10.703s] gmake: *** [Makefile:146：all] 错误 2
[10.707s] Invoked command in '/home/dxtl/RM2025第二轮考核/ros2_ws/build/enemy_detector' returned '2': CMAKE_PREFIX_PATH=/opt/ros/humble /usr/bin/cmake --build /home/dxtl/RM2025第二轮考核/ros2_ws/build/enemy_detector -- -j8 -l8
