[0.191s] DEBUG:colcon:Command line arguments: ['/usr/bin/colcon', 'build', '--packages-select', 'enemy_detector']
[0.191s] DEBUG:colcon:Parsed command line arguments: Namespace(log_base=None, log_level=None, verb_name='build', build_base='build', install_base='install', merge_install=False, symlink_install=False, test_result_base=None, continue_on_error=False, executor='parallel', parallel_workers=8, event_handlers=None, ignore_user_meta=False, metas=['./colcon.meta'], base_paths=['.'], packages_ignore=None, packages_ignore_regex=None, paths=None, packages_up_to=None, packages_up_to_regex=None, packages_above=None, packages_above_and_dependencies=None, packages_above_depth=None, packages_select_by_dep=None, packages_skip_by_dep=None, packages_skip_up_to=None, packages_select_build_failed=False, packages_skip_build_finished=False, packages_select_test_failures=False, packages_skip_test_passed=False, packages_select=['enemy_detector'], packages_skip=None, packages_select_regex=None, packages_skip_regex=None, packages_start=None, packages_end=None, allow_overriding=[], cmake_args=None, cmake_target=None, cmake_target_skip_unavailable=False, cmake_clean_cache=False, cmake_clean_first=False, cmake_force_configure=False, ament_cmake_args=None, catkin_cmake_args=None, catkin_skip_building_tests=False, verb_parser=<colcon_defaults.argument_parser.defaults.DefaultArgumentsDecorator object at 0x7a7d6044c3a0>, verb_extension=<colcon_core.verb.build.BuildVerb object at 0x7a7d605b6560>, main=<bound method BuildVerb.main of <colcon_core.verb.build.BuildVerb object at 0x7a7d605b6560>>)
[0.461s] Level 1:colcon.colcon_core.package_discovery:discover_packages(colcon_meta) check parameters
[0.461s] Level 1:colcon.colcon_core.package_discovery:discover_packages(recursive) check parameters
[0.461s] Level 1:colcon.colcon_core.package_discovery:discover_packages(ignore) check parameters
[0.461s] Level 1:colcon.colcon_core.package_discovery:discover_packages(path) check parameters
[0.461s] Level 1:colcon.colcon_core.package_discovery:discover_packages(colcon_meta) discover
[0.461s] Level 1:colcon.colcon_core.package_discovery:discover_packages(recursive) discover
[0.461s] INFO:colcon.colcon_core.package_discovery:Crawling recursively for packages in '/home/dxtl/RM2025第二轮考核/ros2_ws'
[0.462s] Level 1:colcon.colcon_core.package_identification:_identify(.) by extensions ['ignore', 'ignore_ament_install']
[0.462s] Level 1:colcon.colcon_core.package_identification:_identify(.) by extension 'ignore'
[0.462s] Level 1:colcon.colcon_core.package_identification:_identify(.) by extension 'ignore_ament_install'
[0.462s] Level 1:colcon.colcon_core.package_identification:_identify(.) by extensions ['colcon_pkg']
[0.462s] Level 1:colcon.colcon_core.package_identification:_identify(.) by extension 'colcon_pkg'
[0.462s] Level 1:colcon.colcon_core.package_identification:_identify(.) by extensions ['colcon_meta']
[0.462s] Level 1:colcon.colcon_core.package_identification:_identify(.) by extension 'colcon_meta'
[0.462s] Level 1:colcon.colcon_core.package_identification:_identify(.) by extensions ['ros']
[0.462s] Level 1:colcon.colcon_core.package_identification:_identify(.) by extension 'ros'
[0.483s] Level 1:colcon.colcon_core.package_identification:_identify(.) by extensions ['cmake', 'python']
[0.483s] Level 1:colcon.colcon_core.package_identification:_identify(.) by extension 'cmake'
[0.483s] Level 1:colcon.colcon_core.package_identification:_identify(.) by extension 'python'
[0.484s] Level 1:colcon.colcon_core.package_identification:_identify(.) by extensions ['python_setup_py']
[0.484s] Level 1:colcon.colcon_core.package_identification:_identify(.) by extension 'python_setup_py'
[0.484s] Level 1:colcon.colcon_core.package_identification:_identify(build) by extensions ['ignore', 'ignore_ament_install']
[0.484s] Level 1:colcon.colcon_core.package_identification:_identify(build) by extension 'ignore'
[0.484s] Level 1:colcon.colcon_core.package_identification:_identify(build) ignored
[0.484s] Level 1:colcon.colcon_core.package_identification:_identify(install) by extensions ['ignore', 'ignore_ament_install']
[0.484s] Level 1:colcon.colcon_core.package_identification:_identify(install) by extension 'ignore'
[0.484s] Level 1:colcon.colcon_core.package_identification:_identify(install) ignored
[0.485s] Level 1:colcon.colcon_core.package_identification:_identify(log) by extensions ['ignore', 'ignore_ament_install']
[0.485s] Level 1:colcon.colcon_core.package_identification:_identify(log) by extension 'ignore'
[0.485s] Level 1:colcon.colcon_core.package_identification:_identify(log) ignored
[0.485s] Level 1:colcon.colcon_core.package_identification:_identify(src) by extensions ['ignore', 'ignore_ament_install']
[0.485s] Level 1:colcon.colcon_core.package_identification:_identify(src) by extension 'ignore'
[0.485s] Level 1:colcon.colcon_core.package_identification:_identify(src) by extension 'ignore_ament_install'
[0.485s] Level 1:colcon.colcon_core.package_identification:_identify(src) by extensions ['colcon_pkg']
[0.485s] Level 1:colcon.colcon_core.package_identification:_identify(src) by extension 'colcon_pkg'
[0.485s] Level 1:colcon.colcon_core.package_identification:_identify(src) by extensions ['colcon_meta']
[0.485s] Level 1:colcon.colcon_core.package_identification:_identify(src) by extension 'colcon_meta'
[0.485s] Level 1:colcon.colcon_core.package_identification:_identify(src) by extensions ['ros']
[0.486s] Level 1:colcon.colcon_core.package_identification:_identify(src) by extension 'ros'
[0.486s] Level 1:colcon.colcon_core.package_identification:_identify(src) by extensions ['cmake', 'python']
[0.486s] Level 1:colcon.colcon_core.package_identification:_identify(src) by extension 'cmake'
[0.486s] Level 1:colcon.colcon_core.package_identification:_identify(src) by extension 'python'
[0.486s] Level 1:colcon.colcon_core.package_identification:_identify(src) by extensions ['python_setup_py']
[0.486s] Level 1:colcon.colcon_core.package_identification:_identify(src) by extension 'python_setup_py'
[0.486s] Level 1:colcon.colcon_core.package_identification:_identify(src/enemy_detector) by extensions ['ignore', 'ignore_ament_install']
[0.486s] Level 1:colcon.colcon_core.package_identification:_identify(src/enemy_detector) by extension 'ignore'
[0.486s] Level 1:colcon.colcon_core.package_identification:_identify(src/enemy_detector) by extension 'ignore_ament_install'
[0.486s] Level 1:colcon.colcon_core.package_identification:_identify(src/enemy_detector) by extensions ['colcon_pkg']
[0.486s] Level 1:colcon.colcon_core.package_identification:_identify(src/enemy_detector) by extension 'colcon_pkg'
[0.486s] Level 1:colcon.colcon_core.package_identification:_identify(src/enemy_detector) by extensions ['colcon_meta']
[0.486s] Level 1:colcon.colcon_core.package_identification:_identify(src/enemy_detector) by extension 'colcon_meta'
[0.487s] Level 1:colcon.colcon_core.package_identification:_identify(src/enemy_detector) by extensions ['ros']
[0.487s] Level 1:colcon.colcon_core.package_identification:_identify(src/enemy_detector) by extension 'ros'
[0.491s] DEBUG:colcon.colcon_core.package_identification:Package 'src/enemy_detector' with type 'ros.ament_cmake' and name 'enemy_detector'
[0.491s] Level 1:colcon.colcon_core.package_identification:_identify(src/image_fps_processor) by extensions ['ignore', 'ignore_ament_install']
[0.491s] Level 1:colcon.colcon_core.package_identification:_identify(src/image_fps_processor) by extension 'ignore'
[0.491s] Level 1:colcon.colcon_core.package_identification:_identify(src/image_fps_processor) by extension 'ignore_ament_install'
[0.491s] Level 1:colcon.colcon_core.package_identification:_identify(src/image_fps_processor) by extensions ['colcon_pkg']
[0.492s] Level 1:colcon.colcon_core.package_identification:_identify(src/image_fps_processor) by extension 'colcon_pkg'
[0.492s] Level 1:colcon.colcon_core.package_identification:_identify(src/image_fps_processor) by extensions ['colcon_meta']
[0.492s] Level 1:colcon.colcon_core.package_identification:_identify(src/image_fps_processor) by extension 'colcon_meta'
[0.492s] Level 1:colcon.colcon_core.package_identification:_identify(src/image_fps_processor) by extensions ['ros']
[0.492s] Level 1:colcon.colcon_core.package_identification:_identify(src/image_fps_processor) by extension 'ros'
[0.493s] DEBUG:colcon.colcon_core.package_identification:Package 'src/image_fps_processor' with type 'ros.ament_cmake' and name 'image_fps_processor'
[0.493s] Level 1:colcon.colcon_core.package_discovery:discover_packages(recursive) using defaults
[0.494s] Level 1:colcon.colcon_core.package_discovery:discover_packages(ignore) discover
[0.494s] Level 1:colcon.colcon_core.package_discovery:discover_packages(ignore) using defaults
[0.494s] Level 1:colcon.colcon_core.package_discovery:discover_packages(path) discover
[0.494s] Level 1:colcon.colcon_core.package_discovery:discover_packages(path) using defaults
[0.528s] INFO:colcon.colcon_core.package_selection:Skipping not selected package 'image_fps_processor' in 'src/image_fps_processor'
[0.529s] Level 1:colcon.colcon_core.package_discovery:discover_packages(prefix_path) check parameters
[0.529s] Level 1:colcon.colcon_core.package_discovery:discover_packages(prefix_path) discover
[0.532s] DEBUG:colcon.colcon_installed_package_information.package_discovery:Found 2 installed packages in /home/dxtl/RM2025第二轮考核/ros2_ws/install
[0.534s] DEBUG:colcon.colcon_installed_package_information.package_discovery:Found 271 installed packages in /opt/ros/humble
[0.537s] Level 1:colcon.colcon_core.package_discovery:discover_packages(prefix_path) using defaults
[0.620s] Level 5:colcon.colcon_core.verb:set package 'enemy_detector' build argument 'cmake_args' from command line to 'None'
[0.620s] Level 5:colcon.colcon_core.verb:set package 'enemy_detector' build argument 'cmake_target' from command line to 'None'
[0.620s] Level 5:colcon.colcon_core.verb:set package 'enemy_detector' build argument 'cmake_target_skip_unavailable' from command line to 'False'
[0.620s] Level 5:colcon.colcon_core.verb:set package 'enemy_detector' build argument 'cmake_clean_cache' from command line to 'False'
[0.620s] Level 5:colcon.colcon_core.verb:set package 'enemy_detector' build argument 'cmake_clean_first' from command line to 'False'
[0.620s] Level 5:colcon.colcon_core.verb:set package 'enemy_detector' build argument 'cmake_force_configure' from command line to 'False'
[0.620s] Level 5:colcon.colcon_core.verb:set package 'enemy_detector' build argument 'ament_cmake_args' from command line to 'None'
[0.620s] Level 5:colcon.colcon_core.verb:set package 'enemy_detector' build argument 'catkin_cmake_args' from command line to 'None'
[0.620s] Level 5:colcon.colcon_core.verb:set package 'enemy_detector' build argument 'catkin_skip_building_tests' from command line to 'False'
[0.620s] DEBUG:colcon.colcon_core.verb:Building package 'enemy_detector' with the following arguments: {'ament_cmake_args': None, 'build_base': '/home/dxtl/RM2025第二轮考核/ros2_ws/build/enemy_detector', 'catkin_cmake_args': None, 'catkin_skip_building_tests': False, 'cmake_args': None, 'cmake_clean_cache': False, 'cmake_clean_first': False, 'cmake_force_configure': False, 'cmake_target': None, 'cmake_target_skip_unavailable': False, 'install_base': '/home/dxtl/RM2025第二轮考核/ros2_ws/install/enemy_detector', 'merge_install': False, 'path': '/home/dxtl/RM2025第二轮考核/ros2_ws/src/enemy_detector', 'symlink_install': False, 'test_result_base': None}
[0.621s] INFO:colcon.colcon_core.executor:Executing jobs using 'parallel' executor
[0.622s] DEBUG:colcon.colcon_parallel_executor.executor.parallel:run_until_complete
[0.623s] INFO:colcon.colcon_ros.task.ament_cmake.build:Building ROS package in '/home/dxtl/RM2025第二轮考核/ros2_ws/src/enemy_detector' with build type 'ament_cmake'
[0.623s] INFO:colcon.colcon_cmake.task.cmake.build:Building CMake package in '/home/dxtl/RM2025第二轮考核/ros2_ws/src/enemy_detector'
[0.626s] INFO:colcon.colcon_core.plugin_system:Skipping extension 'colcon_core.shell.bat': Not used on non-Windows systems
[0.626s] INFO:colcon.colcon_core.shell:Skip shell extension 'powershell' for command environment: Not usable outside of PowerShell
[0.627s] DEBUG:colcon.colcon_core.shell:Skip shell extension 'dsv' for command environment
[0.643s] DEBUG:colcon.colcon_core.event_handler.log_command:Invoking command in '/home/dxtl/RM2025第二轮考核/ros2_ws/build/enemy_detector': CMAKE_PREFIX_PATH=${CMAKE_PREFIX_PATH}:/opt/ros/humble /usr/bin/cmake --build /home/dxtl/RM2025第二轮考核/ros2_ws/build/enemy_detector -- -j8 -l8
[19.471s] DEBUG:colcon.colcon_core.event_handler.log_command:Invoked command in '/home/dxtl/RM2025第二轮考核/ros2_ws/build/enemy_detector' returned '0': CMAKE_PREFIX_PATH=${CMAKE_PREFIX_PATH}:/opt/ros/humble /usr/bin/cmake --build /home/dxtl/RM2025第二轮考核/ros2_ws/build/enemy_detector -- -j8 -l8
[19.529s] DEBUG:colcon.colcon_core.event_handler.log_command:Invoking command in '/home/dxtl/RM2025第二轮考核/ros2_ws/build/enemy_detector': CMAKE_PREFIX_PATH=${CMAKE_PREFIX_PATH}:/opt/ros/humble /usr/bin/cmake --install /home/dxtl/RM2025第二轮考核/ros2_ws/build/enemy_detector
[19.551s] Level 1:colcon.colcon_core.environment:create_environment_scripts_only(enemy_detector)
[19.552s] DEBUG:colcon.colcon_core.event_handler.log_command:Invoked command in '/home/dxtl/RM2025第二轮考核/ros2_ws/build/enemy_detector' returned '0': CMAKE_PREFIX_PATH=${CMAKE_PREFIX_PATH}:/opt/ros/humble /usr/bin/cmake --install /home/dxtl/RM2025第二轮考核/ros2_ws/build/enemy_detector
[19.556s] Level 1:colcon.colcon_core.environment:checking '/home/dxtl/RM2025第二轮考核/ros2_ws/install/enemy_detector' for CMake module files
[19.557s] Level 1:colcon.colcon_core.environment:checking '/home/dxtl/RM2025第二轮考核/ros2_ws/install/enemy_detector' for CMake config files
[19.558s] Level 1:colcon.colcon_core.shell:create_environment_hook('enemy_detector', 'cmake_prefix_path')
[19.558s] INFO:colcon.colcon_core.shell:Creating environment hook '/home/dxtl/RM2025第二轮考核/ros2_ws/install/enemy_detector/share/enemy_detector/hook/cmake_prefix_path.ps1'
[19.559s] INFO:colcon.colcon_core.shell:Creating environment descriptor '/home/dxtl/RM2025第二轮考核/ros2_ws/install/enemy_detector/share/enemy_detector/hook/cmake_prefix_path.dsv'
[19.560s] INFO:colcon.colcon_core.shell:Creating environment hook '/home/dxtl/RM2025第二轮考核/ros2_ws/install/enemy_detector/share/enemy_detector/hook/cmake_prefix_path.sh'
[19.562s] Level 1:colcon.colcon_core.environment:checking '/home/dxtl/RM2025第二轮考核/ros2_ws/install/enemy_detector/lib'
[19.562s] Level 1:colcon.colcon_core.environment:checking '/home/dxtl/RM2025第二轮考核/ros2_ws/install/enemy_detector/bin'
[19.562s] Level 1:colcon.colcon_core.environment:checking '/home/dxtl/RM2025第二轮考核/ros2_ws/install/enemy_detector/lib/pkgconfig/enemy_detector.pc'
[19.563s] Level 1:colcon.colcon_core.environment:checking '/home/dxtl/RM2025第二轮考核/ros2_ws/install/enemy_detector/lib/python3.10/site-packages'
[19.563s] Level 1:colcon.colcon_core.environment:checking '/home/dxtl/RM2025第二轮考核/ros2_ws/install/enemy_detector/bin'
[19.564s] INFO:colcon.colcon_core.shell:Creating package script '/home/dxtl/RM2025第二轮考核/ros2_ws/install/enemy_detector/share/enemy_detector/package.ps1'
[19.565s] INFO:colcon.colcon_core.shell:Creating package descriptor '/home/dxtl/RM2025第二轮考核/ros2_ws/install/enemy_detector/share/enemy_detector/package.dsv'
[19.566s] INFO:colcon.colcon_core.shell:Creating package script '/home/dxtl/RM2025第二轮考核/ros2_ws/install/enemy_detector/share/enemy_detector/package.sh'
[19.568s] INFO:colcon.colcon_core.shell:Creating package script '/home/dxtl/RM2025第二轮考核/ros2_ws/install/enemy_detector/share/enemy_detector/package.bash'
[19.569s] INFO:colcon.colcon_core.shell:Creating package script '/home/dxtl/RM2025第二轮考核/ros2_ws/install/enemy_detector/share/enemy_detector/package.zsh'
[19.570s] Level 1:colcon.colcon_core.environment:create_file_with_runtime_dependencies(/home/dxtl/RM2025第二轮考核/ros2_ws/install/enemy_detector/share/colcon-core/packages/enemy_detector)
[19.611s] Level 1:colcon.colcon_core.environment:create_environment_scripts_only(enemy_detector)
[19.612s] Level 1:colcon.colcon_core.environment:checking '/home/dxtl/RM2025第二轮考核/ros2_ws/install/enemy_detector' for CMake module files
[19.613s] Level 1:colcon.colcon_core.environment:checking '/home/dxtl/RM2025第二轮考核/ros2_ws/install/enemy_detector' for CMake config files
[19.614s] Level 1:colcon.colcon_core.shell:create_environment_hook('enemy_detector', 'cmake_prefix_path')
[19.614s] INFO:colcon.colcon_core.shell:Creating environment hook '/home/dxtl/RM2025第二轮考核/ros2_ws/install/enemy_detector/share/enemy_detector/hook/cmake_prefix_path.ps1'
[19.615s] INFO:colcon.colcon_core.shell:Creating environment descriptor '/home/dxtl/RM2025第二轮考核/ros2_ws/install/enemy_detector/share/enemy_detector/hook/cmake_prefix_path.dsv'
[19.615s] INFO:colcon.colcon_core.shell:Creating environment hook '/home/dxtl/RM2025第二轮考核/ros2_ws/install/enemy_detector/share/enemy_detector/hook/cmake_prefix_path.sh'
[19.616s] Level 1:colcon.colcon_core.environment:checking '/home/dxtl/RM2025第二轮考核/ros2_ws/install/enemy_detector/lib'
[19.616s] Level 1:colcon.colcon_core.environment:checking '/home/dxtl/RM2025第二轮考核/ros2_ws/install/enemy_detector/bin'
[19.617s] Level 1:colcon.colcon_core.environment:checking '/home/dxtl/RM2025第二轮考核/ros2_ws/install/enemy_detector/lib/pkgconfig/enemy_detector.pc'
[19.617s] Level 1:colcon.colcon_core.environment:checking '/home/dxtl/RM2025第二轮考核/ros2_ws/install/enemy_detector/lib/python3.10/site-packages'
[19.617s] Level 1:colcon.colcon_core.environment:checking '/home/dxtl/RM2025第二轮考核/ros2_ws/install/enemy_detector/bin'
[19.618s] INFO:colcon.colcon_core.shell:Creating package script '/home/dxtl/RM2025第二轮考核/ros2_ws/install/enemy_detector/share/enemy_detector/package.ps1'
[19.619s] INFO:colcon.colcon_core.shell:Creating package descriptor '/home/dxtl/RM2025第二轮考核/ros2_ws/install/enemy_detector/share/enemy_detector/package.dsv'
[19.620s] INFO:colcon.colcon_core.shell:Creating package script '/home/dxtl/RM2025第二轮考核/ros2_ws/install/enemy_detector/share/enemy_detector/package.sh'
[19.620s] INFO:colcon.colcon_core.shell:Creating package script '/home/dxtl/RM2025第二轮考核/ros2_ws/install/enemy_detector/share/enemy_detector/package.bash'
[19.621s] INFO:colcon.colcon_core.shell:Creating package script '/home/dxtl/RM2025第二轮考核/ros2_ws/install/enemy_detector/share/enemy_detector/package.zsh'
[19.622s] Level 1:colcon.colcon_core.environment:create_file_with_runtime_dependencies(/home/dxtl/RM2025第二轮考核/ros2_ws/install/enemy_detector/share/colcon-core/packages/enemy_detector)
[19.623s] DEBUG:colcon.colcon_parallel_executor.executor.parallel:closing loop
[19.623s] DEBUG:colcon.colcon_parallel_executor.executor.parallel:loop closed
[19.623s] DEBUG:colcon.colcon_parallel_executor.executor.parallel:run_until_complete finished with '0'
[19.623s] DEBUG:colcon.colcon_core.event_reactor:joining thread
[19.632s] INFO:colcon.colcon_core.plugin_system:Skipping extension 'colcon_notification.desktop_notification.terminal_notifier': Not used on non-Darwin systems
[19.632s] INFO:colcon.colcon_core.plugin_system:Skipping extension 'colcon_notification.desktop_notification.win32': Not used on non-Windows systems
[19.632s] INFO:colcon.colcon_notification.desktop_notification:Sending desktop notification using 'notify2'
[19.652s] DEBUG:colcon.colcon_core.event_reactor:joined thread
[19.653s] INFO:colcon.colcon_core.shell:Creating prefix script '/home/dxtl/RM2025第二轮考核/ros2_ws/install/local_setup.ps1'
[19.655s] INFO:colcon.colcon_core.shell:Creating prefix util module '/home/dxtl/RM2025第二轮考核/ros2_ws/install/_local_setup_util_ps1.py'
[19.658s] INFO:colcon.colcon_core.shell:Creating prefix chain script '/home/dxtl/RM2025第二轮考核/ros2_ws/install/setup.ps1'
[19.660s] INFO:colcon.colcon_core.shell:Creating prefix script '/home/dxtl/RM2025第二轮考核/ros2_ws/install/local_setup.sh'
[19.660s] INFO:colcon.colcon_core.shell:Creating prefix util module '/home/dxtl/RM2025第二轮考核/ros2_ws/install/_local_setup_util_sh.py'
[19.661s] INFO:colcon.colcon_core.shell:Creating prefix chain script '/home/dxtl/RM2025第二轮考核/ros2_ws/install/setup.sh'
[19.664s] INFO:colcon.colcon_core.shell:Creating prefix script '/home/dxtl/RM2025第二轮考核/ros2_ws/install/local_setup.bash'
[19.665s] INFO:colcon.colcon_core.shell:Creating prefix chain script '/home/dxtl/RM2025第二轮考核/ros2_ws/install/setup.bash'
[19.667s] INFO:colcon.colcon_core.shell:Creating prefix script '/home/dxtl/RM2025第二轮考核/ros2_ws/install/local_setup.zsh'
[19.668s] INFO:colcon.colcon_core.shell:Creating prefix chain script '/home/dxtl/RM2025第二轮考核/ros2_ws/install/setup.zsh'
