[0.018s] Invoking command in '/home/dxtl/RM2025第二轮考核/ros2_ws/build/enemy_detector': CMAKE_PREFIX_PATH=/opt/ros/humble /usr/bin/cmake --build /home/dxtl/RM2025第二轮考核/ros2_ws/build/enemy_detector -- -j8 -l8
[0.080s] -- Found ament_cmake: 1.3.10 (/opt/ros/humble/share/ament_cmake/cmake)
[0.321s] -- Found rclcpp: 16.0.10 (/opt/ros/humble/share/rclcpp/cmake)
[0.379s] -- Found rosidl_generator_c: 3.1.5 (/opt/ros/humble/share/rosidl_generator_c/cmake)
[0.384s] -- Found rosidl_adapter: 3.1.5 (/opt/ros/humble/share/rosidl_adapter/cmake)
[0.396s] -- Found rosidl_generator_cpp: 3.1.5 (/opt/ros/humble/share/rosidl_generator_cpp/cmake)
[0.415s] -- Using all available rosidl_typesupport_c: rosidl_typesupport_fastrtps_c;rosidl_typesupport_introspection_c
[0.440s] -- Using all available rosidl_typesupport_cpp: rosidl_typesupport_fastrtps_cpp;rosidl_typesupport_introspection_cpp
[0.505s] -- Found rmw_implementation_cmake: 6.1.2 (/opt/ros/humble/share/rmw_implementation_cmake/cmake)
[0.508s] -- Found rmw_fastrtps_cpp: 6.2.7 (/opt/ros/humble/share/rmw_fastrtps_cpp/cmake)
[0.683s] -- Using RMW implementation 'rmw_fastrtps_cpp' as default
[0.784s] -- Found geometry_msgs: 4.2.4 (/opt/ros/humble/share/geometry_msgs/cmake)
[0.810s] -- Found tf2: 0.25.7 (/opt/ros/humble/share/tf2/cmake)
[0.827s] -- Found tf2_ros: 0.25.7 (/opt/ros/humble/share/tf2_ros/cmake)
[0.994s] -- Found tf2_geometry_msgs: 0.25.7 (/opt/ros/humble/share/tf2_geometry_msgs/cmake)
[1.014s] -- Found eigen3_cmake_module: 0.1.1 (/opt/ros/humble/share/eigen3_cmake_module/cmake)
[1.017s] -- Found Eigen3: TRUE (found version "3.4.0") 
[1.017s] -- Ensuring Eigen3 include directory is part of orocos-kdl CMake target
[1.020s] -- Found ament_lint_auto: 0.12.11 (/opt/ros/humble/share/ament_lint_auto/cmake)
[1.141s] [31mCMake Error at /opt/ros/humble/share/ament_cmake_target_dependencies/cmake/ament_target_dependencies.cmake:77 (message):
[1.141s]   ament_target_dependencies() the passed package name 'sensor_msgs' was not
[1.141s]   found before
[1.141s] Call Stack (most recent call first):
[1.141s]   CMakeLists.txt:31 (ament_target_dependencies)
[1.141s] 
[1.141s] [0m
[1.141s] -- Configuring incomplete, errors occurred!
[1.141s] See also "/home/dxtl/RM2025第二轮考核/ros2_ws/build/enemy_detector/CMakeFiles/CMakeOutput.log".
[1.154s] gmake: *** [Makefile:267：cmake_check_build_system] 错误 1
[1.159s] Invoked command in '/home/dxtl/RM2025第二轮考核/ros2_ws/build/enemy_detector' returned '2': CMAKE_PREFIX_PATH=/opt/ros/humble /usr/bin/cmake --build /home/dxtl/RM2025第二轮考核/ros2_ws/build/enemy_detector -- -j8 -l8
