[0.021s] Invoking command in '/home/dxtl/RM2025第二轮考核/ros2_ws/build/enemy_detector': CMAKE_PREFIX_PATH=${CMAKE_PREFIX_PATH}:/opt/ros/humble /usr/bin/cmake --build /home/dxtl/RM2025第二轮考核/ros2_ws/build/enemy_detector -- -j8 -l8
[0.070s] -- Found ament_cmake: 1.3.10 (/opt/ros/humble/share/ament_cmake/cmake)
[0.310s] -- Found rclcpp: 16.0.10 (/opt/ros/humble/share/rclcpp/cmake)
[0.364s] -- Found rosidl_generator_c: 3.1.5 (/opt/ros/humble/share/rosidl_generator_c/cmake)
[0.368s] -- Found rosidl_adapter: 3.1.5 (/opt/ros/humble/share/rosidl_adapter/cmake)
[0.380s] -- Found rosidl_generator_cpp: 3.1.5 (/opt/ros/humble/share/rosidl_generator_cpp/cmake)
[0.398s] -- Using all available rosidl_typesupport_c: rosidl_typesupport_fastrtps_c;rosidl_typesupport_introspection_c
[0.423s] -- Using all available rosidl_typesupport_cpp: rosidl_typesupport_fastrtps_cpp;rosidl_typesupport_introspection_cpp
[0.484s] -- Found rmw_implementation_cmake: 6.1.2 (/opt/ros/humble/share/rmw_implementation_cmake/cmake)
[0.487s] -- Found rmw_fastrtps_cpp: 6.2.7 (/opt/ros/humble/share/rmw_fastrtps_cpp/cmake)
[0.668s] -- Using RMW implementation 'rmw_fastrtps_cpp' as default
[0.761s] -- Found geometry_msgs: 4.2.4 (/opt/ros/humble/share/geometry_msgs/cmake)
[0.784s] -- Found tf2: 0.25.7 (/opt/ros/humble/share/tf2/cmake)
[0.791s] -- Found tf2_ros: 0.25.7 (/opt/ros/humble/share/tf2_ros/cmake)
[0.941s] -- Found tf2_geometry_msgs: 0.25.7 (/opt/ros/humble/share/tf2_geometry_msgs/cmake)
[0.946s] -- Found eigen3_cmake_module: 0.1.1 (/opt/ros/humble/share/eigen3_cmake_module/cmake)
[0.949s] -- Ensuring Eigen3 include directory is part of orocos-kdl CMake target
[0.952s] -- Found ament_lint_auto: 0.12.11 (/opt/ros/humble/share/ament_lint_auto/cmake)
[1.082s] [31mCMake Error at CMakeLists.txt:38 (install):
[1.082s]   install TARGETS given target "coordinate_transform_node" which does not
[1.082s]   exist.
[1.083s] 
[1.083s] [0m
[1.086s] -- Added test 'cppcheck' to perform static code analysis on C / C++ code
[1.087s] -- Configured cppcheck include dirs: 
[1.087s] -- Configured cppcheck exclude dirs and/or files: 
[1.088s] -- Added test 'lint_cmake' to check CMake code style
[1.090s] -- Added test 'uncrustify' to check C / C++ code style
[1.090s] -- Configured uncrustify additional arguments: 
[1.090s] -- Added test 'xmllint' to check XML markup files
[1.091s] -- Configuring incomplete, errors occurred!
[1.091s] See also "/home/dxtl/RM2025第二轮考核/ros2_ws/build/enemy_detector/CMakeFiles/CMakeOutput.log".
[1.107s] gmake: *** [Makefile:267：cmake_check_build_system] 错误 1
[1.111s] Invoked command in '/home/dxtl/RM2025第二轮考核/ros2_ws/build/enemy_detector' returned '2': CMAKE_PREFIX_PATH=${CMAKE_PREFIX_PATH}:/opt/ros/humble /usr/bin/cmake --build /home/dxtl/RM2025第二轮考核/ros2_ws/build/enemy_detector -- -j8 -l8
