[0.018s] Invoking command in '/home/dxtl/RM2025第二轮考核/ros2_ws/build/enemy_detector': CMAKE_PREFIX_PATH=/opt/ros/humble /usr/bin/cmake --build /home/dxtl/RM2025第二轮考核/ros2_ws/build/enemy_detector -- -j8 -l8
[0.092s] [35m[1mConsolidate compiler generated dependencies of target enemy_coordinates_node[0m
[0.121s] [ 50%] [32mBuilding CXX object CMakeFiles/enemy_coordinates_node.dir/src/enemy_coordinates_node.cpp.o[0m
[17.191s] [100%] [32m[1mLinking CXX executable enemy_coordinates_node[0m
[17.994s] [100%] Built target enemy_coordinates_node
[18.012s] Invoked command in '/home/dxtl/RM2025第二轮考核/ros2_ws/build/enemy_detector' returned '0': CMAKE_PREFIX_PATH=/opt/ros/humble /usr/bin/cmake --build /home/dxtl/RM2025第二轮考核/ros2_ws/build/enemy_detector -- -j8 -l8
[18.072s] Invoking command in '/home/dxtl/RM2025第二轮考核/ros2_ws/build/enemy_detector': CMAKE_PREFIX_PATH=/opt/ros/humble /usr/bin/cmake --install /home/dxtl/RM2025第二轮考核/ros2_ws/build/enemy_detector
[18.085s] -- Install configuration: ""
[18.087s] -- Installing: /home/dxtl/RM2025第二轮考核/ros2_ws/install/enemy_detector/lib/enemy_detector/enemy_coordinates_node
[18.091s] -- Set runtime path of "/home/dxtl/RM2025第二轮考核/ros2_ws/install/enemy_detector/lib/enemy_detector/enemy_coordinates_node" to ""
[18.092s] -- Up-to-date: /home/dxtl/RM2025第二轮考核/ros2_ws/install/enemy_detector/share/ament_index/resource_index/package_run_dependencies/enemy_detector
[18.092s] -- Up-to-date: /home/dxtl/RM2025第二轮考核/ros2_ws/install/enemy_detector/share/ament_index/resource_index/parent_prefix_path/enemy_detector
[18.092s] -- Up-to-date: /home/dxtl/RM2025第二轮考核/ros2_ws/install/enemy_detector/share/enemy_detector/environment/ament_prefix_path.sh
[18.092s] -- Installing: /home/dxtl/RM2025第二轮考核/ros2_ws/install/enemy_detector/share/enemy_detector/environment/ament_prefix_path.dsv
[18.092s] -- Up-to-date: /home/dxtl/RM2025第二轮考核/ros2_ws/install/enemy_detector/share/enemy_detector/environment/path.sh
[18.092s] -- Installing: /home/dxtl/RM2025第二轮考核/ros2_ws/install/enemy_detector/share/enemy_detector/environment/path.dsv
[18.093s] -- Up-to-date: /home/dxtl/RM2025第二轮考核/ros2_ws/install/enemy_detector/share/enemy_detector/local_setup.bash
[18.093s] -- Up-to-date: /home/dxtl/RM2025第二轮考核/ros2_ws/install/enemy_detector/share/enemy_detector/local_setup.sh
[18.093s] -- Up-to-date: /home/dxtl/RM2025第二轮考核/ros2_ws/install/enemy_detector/share/enemy_detector/local_setup.zsh
[18.093s] -- Installing: /home/dxtl/RM2025第二轮考核/ros2_ws/install/enemy_detector/share/enemy_detector/local_setup.dsv
[18.093s] -- Installing: /home/dxtl/RM2025第二轮考核/ros2_ws/install/enemy_detector/share/enemy_detector/package.dsv
[18.093s] -- Up-to-date: /home/dxtl/RM2025第二轮考核/ros2_ws/install/enemy_detector/share/ament_index/resource_index/packages/enemy_detector
[18.093s] -- Up-to-date: /home/dxtl/RM2025第二轮考核/ros2_ws/install/enemy_detector/share/enemy_detector/cmake/enemy_detectorConfig.cmake
[18.093s] -- Up-to-date: /home/dxtl/RM2025第二轮考核/ros2_ws/install/enemy_detector/share/enemy_detector/cmake/enemy_detectorConfig-version.cmake
[18.094s] -- Up-to-date: /home/dxtl/RM2025第二轮考核/ros2_ws/install/enemy_detector/share/enemy_detector/package.xml
[18.096s] Invoked command in '/home/dxtl/RM2025第二轮考核/ros2_ws/build/enemy_detector' returned '0': CMAKE_PREFIX_PATH=/opt/ros/humble /usr/bin/cmake --install /home/dxtl/RM2025第二轮考核/ros2_ws/build/enemy_detector
