[0.019s] Invoking command in '/home/dxtl/RM2025第二轮考核/ros2_ws/build/enemy_detector': CMAKE_PREFIX_PATH=/opt/ros/humble /usr/bin/cmake --build /home/dxtl/RM2025第二轮考核/ros2_ws/build/enemy_detector -- -j8 -l8
[0.096s] [35m[1mConsolidate compiler generated dependencies of target enemy_coordinates_node[0m
[0.126s] [ 50%] [32mBuilding CXX object CMakeFiles/enemy_coordinates_node.dir/src/enemy_coordinates_node.cpp.o[0m
[16.398s] [100%] [32m[1mLinking CXX executable enemy_coordinates_node[0m
[17.131s] [100%] Built target enemy_coordinates_node
[17.151s] Invoked command in '/home/dxtl/RM2025第二轮考核/ros2_ws/build/enemy_detector' returned '0': CMAKE_PREFIX_PATH=/opt/ros/humble /usr/bin/cmake --build /home/dxtl/RM2025第二轮考核/ros2_ws/build/enemy_detector -- -j8 -l8
[17.208s] Invoking command in '/home/dxtl/RM2025第二轮考核/ros2_ws/build/enemy_detector': CMAKE_PREFIX_PATH=/opt/ros/humble /usr/bin/cmake --install /home/dxtl/RM2025第二轮考核/ros2_ws/build/enemy_detector
[17.220s] -- Install configuration: ""
[17.221s] -- Installing: /home/dxtl/RM2025第二轮考核/ros2_ws/install/enemy_detector/lib/enemy_detector/enemy_coordinates_node
[17.226s] -- Set runtime path of "/home/dxtl/RM2025第二轮考核/ros2_ws/install/enemy_detector/lib/enemy_detector/enemy_coordinates_node" to ""
[17.226s] -- Installing: /home/dxtl/RM2025第二轮考核/ros2_ws/install/enemy_detector/share/ament_index/resource_index/package_run_dependencies/enemy_detector
[17.226s] -- Installing: /home/dxtl/RM2025第二轮考核/ros2_ws/install/enemy_detector/share/ament_index/resource_index/parent_prefix_path/enemy_detector
[17.227s] -- Installing: /home/dxtl/RM2025第二轮考核/ros2_ws/install/enemy_detector/share/enemy_detector/environment/ament_prefix_path.sh
[17.227s] -- Installing: /home/dxtl/RM2025第二轮考核/ros2_ws/install/enemy_detector/share/enemy_detector/environment/ament_prefix_path.dsv
[17.227s] -- Installing: /home/dxtl/RM2025第二轮考核/ros2_ws/install/enemy_detector/share/enemy_detector/environment/path.sh
[17.227s] -- Installing: /home/dxtl/RM2025第二轮考核/ros2_ws/install/enemy_detector/share/enemy_detector/environment/path.dsv
[17.228s] -- Installing: /home/dxtl/RM2025第二轮考核/ros2_ws/install/enemy_detector/share/enemy_detector/local_setup.bash
[17.228s] -- Installing: /home/dxtl/RM2025第二轮考核/ros2_ws/install/enemy_detector/share/enemy_detector/local_setup.sh
[17.228s] -- Installing: /home/dxtl/RM2025第二轮考核/ros2_ws/install/enemy_detector/share/enemy_detector/local_setup.zsh
[17.228s] -- Installing: /home/dxtl/RM2025第二轮考核/ros2_ws/install/enemy_detector/share/enemy_detector/local_setup.dsv
[17.229s] -- Installing: /home/dxtl/RM2025第二轮考核/ros2_ws/install/enemy_detector/share/enemy_detector/package.dsv
[17.229s] -- Installing: /home/dxtl/RM2025第二轮考核/ros2_ws/install/enemy_detector/share/ament_index/resource_index/packages/enemy_detector
[17.229s] -- Installing: /home/dxtl/RM2025第二轮考核/ros2_ws/install/enemy_detector/share/enemy_detector/cmake/enemy_detectorConfig.cmake
[17.229s] -- Installing: /home/dxtl/RM2025第二轮考核/ros2_ws/install/enemy_detector/share/enemy_detector/cmake/enemy_detectorConfig-version.cmake
[17.230s] -- Installing: /home/dxtl/RM2025第二轮考核/ros2_ws/install/enemy_detector/share/enemy_detector/package.xml
[17.235s] Invoked command in '/home/dxtl/RM2025第二轮考核/ros2_ws/build/enemy_detector' returned '0': CMAKE_PREFIX_PATH=/opt/ros/humble /usr/bin/cmake --install /home/dxtl/RM2025第二轮考核/ros2_ws/build/enemy_detector
