[0.022s] Invoking command in '/home/dxtl/RM2025第二轮考核/ros2_ws/build/enemy_marker_publisher': CMAKE_PREFIX_PATH=${CMAKE_PREFIX_PATH}:/opt/ros/humble /usr/bin/cmake --build /home/dxtl/RM2025第二轮考核/ros2_ws/build/enemy_marker_publisher -- -j8 -l8
[0.102s] [35m[1mConsolidate compiler generated dependencies of target enemy_marker_node[0m
[0.136s] [ 50%] [32mBuilding CXX object CMakeFiles/enemy_marker_node.dir/src/enemy_marker_node.cpp.o[0m
[5.824s] [01m[K/home/dxtl/RM2025第二轮考核/ros2_ws/src/enemy_marker_publisher/src/enemy_marker_node.cpp:[m[K In member function ‘[01m[Kvoid EnemyMarkerNode::updateQueueAndPublishMarkers()[m[K’:
[5.824s] [01m[K/home/dxtl/RM2025第二轮考核/ros2_ws/src/enemy_marker_publisher/src/enemy_marker_node.cpp:48:57:[m[K [01;31m[Kerror: [m[Kno matching function for call to ‘[01m[Ktf2_ros::Buffer::transform(std::__shared_ptr_access<geometry_msgs::msg::PointStamped_<std::allocator<void> >, __gnu_cxx::_S_atomic, false, false>::element_type&, const char [10], const TimePoint&)[m[K’
[5.825s]    48 |                 base_link_coords = [01;31m[Ktf_buffer_->transform(*latest_coords_, "base_link", tf2::TimePointZero)[m[K;
[5.825s]       |                                    [01;31m[K~~~~~~~~~~~~~~~~~~~~~^~~~~~~~~~~~~~~~~~~~~~~~~~~~~~~~~~~~~~~~~~~~~~~~~~[m[K
[5.825s] In file included from [01m[K/opt/ros/humble/include/tf2_ros/tf2_ros/buffer.h:42[m[K,
[5.825s]                  from [01m[K/home/dxtl/RM2025第二轮考核/ros2_ws/src/enemy_marker_publisher/src/enemy_marker_node.cpp:5[m[K:
[5.825s] [01m[K/opt/ros/humble/include/tf2_ros/tf2_ros/buffer_interface.h:209:7:[m[K [01;36m[Knote: [m[Kcandidate: ‘[01m[Ktemplate<class T> T& tf2_ros::BufferInterface::transform(const T&, T&, const string&, tf2::Duration) const[m[K’
[5.825s]   209 |   T & [01;36m[Ktransform[m[K(
[5.825s]       |       [01;36m[K^~~~~~~~~[m[K
[5.825s] [01m[K/opt/ros/humble/include/tf2_ros/tf2_ros/buffer_interface.h:209:7:[m[K [01;36m[Knote: [m[K  template argument deduction/substitution failed:
[5.826s] [01m[K/home/dxtl/RM2025第二轮考核/ros2_ws/src/enemy_marker_publisher/src/enemy_marker_node.cpp:48:57:[m[K [01;36m[Knote: [m[K  deduced conflicting types for parameter ‘[01m[KT[m[K’ (‘[01m[Kgeometry_msgs::msg::PointStamped_<std::allocator<void> >[m[K’ and ‘[01m[Kconst char [10][m[K’)
[5.826s]    48 |                 base_link_coords = [01;36m[Ktf_buffer_->transform(*latest_coords_, "base_link", tf2::TimePointZero)[m[K;
[5.826s]       |                                    [01;36m[K~~~~~~~~~~~~~~~~~~~~~^~~~~~~~~~~~~~~~~~~~~~~~~~~~~~~~~~~~~~~~~~~~~~~~~~[m[K
[5.826s] In file included from [01m[K/opt/ros/humble/include/tf2_ros/tf2_ros/buffer.h:42[m[K,
[5.826s]                  from [01m[K/home/dxtl/RM2025第二轮考核/ros2_ws/src/enemy_marker_publisher/src/enemy_marker_node.cpp:5[m[K:
[5.826s] [01m[K/opt/ros/humble/include/tf2_ros/tf2_ros/buffer_interface.h:231:5:[m[K [01;36m[Knote: [m[Kcandidate: ‘[01m[Ktemplate<class T> T tf2_ros::BufferInterface::transform(const T&, const string&, tf2::Duration) const[m[K’
[5.826s]   231 |   T [01;36m[Ktransform[m[K(
[5.826s]       |     [01;36m[K^~~~~~~~~[m[K
[5.826s] [01m[K/opt/ros/humble/include/tf2_ros/tf2_ros/buffer_interface.h:231:5:[m[K [01;36m[Knote: [m[K  template argument deduction/substitution failed:
[5.827s] [01m[K/home/dxtl/RM2025第二轮考核/ros2_ws/src/enemy_marker_publisher/src/enemy_marker_node.cpp:48:93:[m[K [01;36m[Knote: [m[K  cannot convert ‘[01m[Ktf2::TimePointZero[m[K’ (type ‘[01m[Kconst TimePoint[m[K’ {aka ‘[01m[Kconst std::chrono::time_point<std::chrono::_V2::system_clock, std::chrono::duration<long int, std::ratio<1, 1000000000> > >[m[K’}) to type ‘[01m[Ktf2::Duration[m[K’ {aka ‘[01m[Kstd::chrono::duration<long int, std::ratio<1, 1000000000> >[m[K’}
[5.827s]    48 |  = tf_buffer_->transform(*latest_coords_, "base_link", [01;36m[Ktf2::TimePointZero[m[K);
[5.827s]       |                                                        [01;36m[K~~~~~^~~~~~~~~~~~~[m[K
[5.827s] 
[5.827s] In file included from [01m[K/opt/ros/humble/include/tf2_ros/tf2_ros/buffer.h:42[m[K,
[5.827s]                  from [01m[K/home/dxtl/RM2025第二轮考核/ros2_ws/src/enemy_marker_publisher/src/enemy_marker_node.cpp:5[m[K:
[5.828s] [01m[K/opt/ros/humble/include/tf2_ros/tf2_ros/buffer_interface.h:257:7:[m[K [01;36m[Knote: [m[Kcandidate: ‘[01m[Ktemplate<class A, class B> B& tf2_ros::BufferInterface::transform(const A&, B&, const string&, tf2::Duration) const[m[K’
[5.828s]   257 |   B & [01;36m[Ktransform[m[K(
[5.828s]       |       [01;36m[K^~~~~~~~~[m[K
[5.828s] [01m[K/opt/ros/humble/include/tf2_ros/tf2_ros/buffer_interface.h:257:7:[m[K [01;36m[Knote: [m[K  template argument deduction/substitution failed:
[5.828s] [01m[K/home/dxtl/RM2025第二轮考核/ros2_ws/src/enemy_marker_publisher/src/enemy_marker_node.cpp:48:93:[m[K [01;36m[Knote: [m[K  cannot convert ‘[01m[Ktf2::TimePointZero[m[K’ (type ‘[01m[Kconst TimePoint[m[K’ {aka ‘[01m[Kconst std::chrono::time_point<std::chrono::_V2::system_clock, std::chrono::duration<long int, std::ratio<1, 1000000000> > >[m[K’}) to type ‘[01m[Kconst string&[m[K’ {aka ‘[01m[Kconst std::__cxx11::basic_string<char>&[m[K’}
[5.828s]    48 |  = tf_buffer_->transform(*latest_coords_, "base_link", [01;36m[Ktf2::TimePointZero[m[K);
[5.828s]       |                                                        [01;36m[K~~~~~^~~~~~~~~~~~~[m[K
[5.828s] 
[5.828s] In file included from [01m[K/opt/ros/humble/include/tf2_ros/tf2_ros/buffer.h:42[m[K,
[5.829s]                  from [01m[K/home/dxtl/RM2025第二轮考核/ros2_ws/src/enemy_marker_publisher/src/enemy_marker_node.cpp:5[m[K:
[5.829s] [01m[K/opt/ros/humble/include/tf2_ros/tf2_ros/buffer_interface.h:282:7:[m[K [01;36m[Knote: [m[Kcandidate: ‘[01m[Ktemplate<class T> T& tf2_ros::BufferInterface::transform(const T&, T&, const string&, const TimePoint&, const string&, tf2::Duration) const[m[K’
[5.829s]   282 |   T & [01;36m[Ktransform[m[K(
[5.829s]       |       [01;36m[K^~~~~~~~~[m[K
[5.829s] [01m[K/opt/ros/humble/include/tf2_ros/tf2_ros/buffer_interface.h:282:7:[m[K [01;36m[Knote: [m[K  template argument deduction/substitution failed:
[5.829s] [01m[K/home/dxtl/RM2025第二轮考核/ros2_ws/src/enemy_marker_publisher/src/enemy_marker_node.cpp:48:57:[m[K [01;36m[Knote: [m[K  deduced conflicting types for parameter ‘[01m[KT[m[K’ (‘[01m[Kgeometry_msgs::msg::PointStamped_<std::allocator<void> >[m[K’ and ‘[01m[Kconst char [10][m[K’)
[5.829s]    48 |                 base_link_coords = [01;36m[Ktf_buffer_->transform(*latest_coords_, "base_link", tf2::TimePointZero)[m[K;
[5.829s]       |                                    [01;36m[K~~~~~~~~~~~~~~~~~~~~~^~~~~~~~~~~~~~~~~~~~~~~~~~~~~~~~~~~~~~~~~~~~~~~~~~[m[K
[5.829s] In file included from [01m[K/opt/ros/humble/include/tf2_ros/tf2_ros/buffer.h:42[m[K,
[5.830s]                  from [01m[K/home/dxtl/RM2025第二轮考核/ros2_ws/src/enemy_marker_publisher/src/enemy_marker_node.cpp:5[m[K:
[5.830s] [01m[K/opt/ros/humble/include/tf2_ros/tf2_ros/buffer_interface.h:312:5:[m[K [01;36m[Knote: [m[Kcandidate: ‘[01m[Ktemplate<class T> T tf2_ros::BufferInterface::transform(const T&, const string&, const TimePoint&, const string&, tf2::Duration) const[m[K’
[5.830s]   312 |   T [01;36m[Ktransform[m[K(
[5.830s]       |     [01;36m[K^~~~~~~~~[m[K
[5.830s] [01m[K/opt/ros/humble/include/tf2_ros/tf2_ros/buffer_interface.h:312:5:[m[K [01;36m[Knote: [m[K  template argument deduction/substitution failed:
[5.830s] [01m[K/home/dxtl/RM2025第二轮考核/ros2_ws/src/enemy_marker_publisher/src/enemy_marker_node.cpp:48:57:[m[K [01;36m[Knote: [m[K  candidate expects 5 arguments, 3 provided
[5.830s]    48 |                 base_link_coords = [01;36m[Ktf_buffer_->transform(*latest_coords_, "base_link", tf2::TimePointZero)[m[K;
[5.830s]       |                                    [01;36m[K~~~~~~~~~~~~~~~~~~~~~^~~~~~~~~~~~~~~~~~~~~~~~~~~~~~~~~~~~~~~~~~~~~~~~~~[m[K
[5.831s] In file included from [01m[K/opt/ros/humble/include/tf2_ros/tf2_ros/buffer.h:42[m[K,
[5.831s]                  from [01m[K/home/dxtl/RM2025第二轮考核/ros2_ws/src/enemy_marker_publisher/src/enemy_marker_node.cpp:5[m[K:
[5.831s] [01m[K/opt/ros/humble/include/tf2_ros/tf2_ros/buffer_interface.h:343:7:[m[K [01;36m[Knote: [m[Kcandidate: ‘[01m[Ktemplate<class A, class B> B& tf2_ros::BufferInterface::transform(const A&, B&, const string&, const TimePoint&, const string&, tf2::Duration) const[m[K’
[5.831s]   343 |   B & [01;36m[Ktransform[m[K(
[5.831s]       |       [01;36m[K^~~~~~~~~[m[K
[5.831s] [01m[K/opt/ros/humble/include/tf2_ros/tf2_ros/buffer_interface.h:343:7:[m[K [01;36m[Knote: [m[K  template argument deduction/substitution failed:
[5.831s] [01m[K/home/dxtl/RM2025第二轮考核/ros2_ws/src/enemy_marker_publisher/src/enemy_marker_node.cpp:48:57:[m[K [01;36m[Knote: [m[K  candidate expects 6 arguments, 3 provided
[5.831s]    48 |                 base_link_coords = [01;36m[Ktf_buffer_->transform(*latest_coords_, "base_link", tf2::TimePointZero)[m[K;
[5.832s]       |                                    [01;36m[K~~~~~~~~~~~~~~~~~~~~~^~~~~~~~~~~~~~~~~~~~~~~~~~~~~~~~~~~~~~~~~~~~~~~~~~[m[K
[11.544s] gmake[2]: *** [CMakeFiles/enemy_marker_node.dir/build.make:76：CMakeFiles/enemy_marker_node.dir/src/enemy_marker_node.cpp.o] 错误 1
[11.544s] gmake[1]: *** [CMakeFiles/Makefile2:137：CMakeFiles/enemy_marker_node.dir/all] 错误 2
[11.545s] gmake: *** [Makefile:146：all] 错误 2
[11.550s] Invoked command in '/home/dxtl/RM2025第二轮考核/ros2_ws/build/enemy_marker_publisher' returned '2': CMAKE_PREFIX_PATH=${CMAKE_PREFIX_PATH}:/opt/ros/humble /usr/bin/cmake --build /home/dxtl/RM2025第二轮考核/ros2_ws/build/enemy_marker_publisher -- -j8 -l8
