[0.017s] Invoking command in '/home/dxtl/RM2025第二轮考核/ros2_ws/build/sentry_description': CMAKE_PREFIX_PATH=/opt/ros/humble /usr/bin/cmake /home/dxtl/RM2025第二轮考核/ros2_ws/src/sentry_description -DCMAKE_INSTALL_PREFIX=/home/dxtl/RM2025第二轮考核/ros2_ws/install/sentry_description
[0.119s] -- The C compiler identification is GNU 11.4.0
[0.222s] -- The CXX compiler identification is GNU 11.4.0
[0.236s] -- Detecting C compiler ABI info
[0.357s] -- Detecting C compiler ABI info - done
[0.372s] -- Check for working C compiler: /usr/bin/cc - skipped
[0.372s] -- Detecting C compile features
[0.373s] -- Detecting C compile features - done
[0.379s] -- Detecting CXX compiler ABI info
[0.575s] -- Detecting CXX compiler ABI info - done
[0.592s] -- Check for working CXX compiler: /usr/bin/c++ - skipped
[0.592s] -- Detecting CXX compile features
[0.593s] -- Detecting CXX compile features - done
[0.596s] -- Found ament_cmake: 1.3.10 (/opt/ros/humble/share/ament_cmake/cmake)
[0.869s] -- Found Python3: /usr/bin/python3 (found version "3.10.12") found components: Interpreter 
[1.018s] -- Found ament_lint_auto: 0.12.11 (/opt/ros/humble/share/ament_lint_auto/cmake)
[1.170s] -- Added test 'copyright' to check source files copyright and LICENSE
[1.173s] -- Added test 'flake8' to check Python code syntax and style conventions
[1.174s] -- Added test 'lint_cmake' to check CMake code style
[1.175s] -- Added test 'pep257' to check Python code against some of the docstring style conventions in PEP 257
[1.177s] -- Added test 'xmllint' to check XML markup files
[1.178s] -- Configuring done
[1.183s] -- Generating done
[1.184s] -- Build files have been written to: /home/dxtl/RM2025第二轮考核/ros2_ws/build/sentry_description
[1.191s] Invoked command in '/home/dxtl/RM2025第二轮考核/ros2_ws/build/sentry_description' returned '0': CMAKE_PREFIX_PATH=/opt/ros/humble /usr/bin/cmake /home/dxtl/RM2025第二轮考核/ros2_ws/src/sentry_description -DCMAKE_INSTALL_PREFIX=/home/dxtl/RM2025第二轮考核/ros2_ws/install/sentry_description
[1.195s] Invoking command in '/home/dxtl/RM2025第二轮考核/ros2_ws/build/sentry_description': CMAKE_PREFIX_PATH=/opt/ros/humble /usr/bin/cmake --build /home/dxtl/RM2025第二轮考核/ros2_ws/build/sentry_description -- -j8 -l8
[1.262s] Invoked command in '/home/dxtl/RM2025第二轮考核/ros2_ws/build/sentry_description' returned '0': CMAKE_PREFIX_PATH=/opt/ros/humble /usr/bin/cmake --build /home/dxtl/RM2025第二轮考核/ros2_ws/build/sentry_description -- -j8 -l8
[1.314s] Invoking command in '/home/dxtl/RM2025第二轮考核/ros2_ws/build/sentry_description': CMAKE_PREFIX_PATH=/opt/ros/humble /usr/bin/cmake --install /home/dxtl/RM2025第二轮考核/ros2_ws/build/sentry_description
[1.326s] -- Install configuration: ""
[1.326s] -- Installing: /home/dxtl/RM2025第二轮考核/ros2_ws/install/sentry_description/share/sentry_description/launch
[1.327s] -- Installing: /home/dxtl/RM2025第二轮考核/ros2_ws/install/sentry_description/share/sentry_description/launch/view_model.launch.py
[1.327s] -- Installing: /home/dxtl/RM2025第二轮考核/ros2_ws/install/sentry_description/share/sentry_description/launch/view_model.rviz
[1.327s] -- Installing: /home/dxtl/RM2025第二轮考核/ros2_ws/install/sentry_description/share/sentry_description/meshes
[1.327s] -- Installing: /home/dxtl/RM2025第二轮考核/ros2_ws/install/sentry_description/share/sentry_description/meshes/camera_link.STL
[1.328s] -- Installing: /home/dxtl/RM2025第二轮考核/ros2_ws/install/sentry_description/share/sentry_description/meshes/shoot_link.STL
[1.329s] -- Installing: /home/dxtl/RM2025第二轮考核/ros2_ws/install/sentry_description/share/sentry_description/meshes/usb_camera_b_link.STL
[1.330s] -- Installing: /home/dxtl/RM2025第二轮考核/ros2_ws/install/sentry_description/share/sentry_description/meshes/gimbal_odom.STL
[1.330s] -- Installing: /home/dxtl/RM2025第二轮考核/ros2_ws/install/sentry_description/share/sentry_description/meshes/usb_camera_a_link.STL
[1.330s] -- Installing: /home/dxtl/RM2025第二轮考核/ros2_ws/install/sentry_description/share/sentry_description/meshes/lidar_link.STL
[1.337s] -- Installing: /home/dxtl/RM2025第二轮考核/ros2_ws/install/sentry_description/share/sentry_description/meshes/base_link.STL
[1.337s] -- Installing: /home/dxtl/RM2025第二轮考核/ros2_ws/install/sentry_description/share/sentry_description/meshes/pitch_link.STL
[1.338s] -- Installing: /home/dxtl/RM2025第二轮考核/ros2_ws/install/sentry_description/share/sentry_description/meshes/yaw_link.STL
[1.338s] -- Installing: /home/dxtl/RM2025第二轮考核/ros2_ws/install/sentry_description/share/sentry_description/urdf
[1.339s] -- Installing: /home/dxtl/RM2025第二轮考核/ros2_ws/install/sentry_description/share/sentry_description/urdf/sentry_description.urdf
[1.339s] -- Installing: /home/dxtl/RM2025第二轮考核/ros2_ws/install/sentry_description/share/ament_index/resource_index/package_run_dependencies/sentry_description
[1.339s] -- Installing: /home/dxtl/RM2025第二轮考核/ros2_ws/install/sentry_description/share/ament_index/resource_index/parent_prefix_path/sentry_description
[1.340s] -- Installing: /home/dxtl/RM2025第二轮考核/ros2_ws/install/sentry_description/share/sentry_description/environment/ament_prefix_path.sh
[1.340s] -- Installing: /home/dxtl/RM2025第二轮考核/ros2_ws/install/sentry_description/share/sentry_description/environment/ament_prefix_path.dsv
[1.340s] -- Installing: /home/dxtl/RM2025第二轮考核/ros2_ws/install/sentry_description/share/sentry_description/environment/path.sh
[1.341s] -- Installing: /home/dxtl/RM2025第二轮考核/ros2_ws/install/sentry_description/share/sentry_description/environment/path.dsv
[1.341s] -- Installing: /home/dxtl/RM2025第二轮考核/ros2_ws/install/sentry_description/share/sentry_description/local_setup.bash
[1.341s] -- Installing: /home/dxtl/RM2025第二轮考核/ros2_ws/install/sentry_description/share/sentry_description/local_setup.sh
[1.341s] -- Installing: /home/dxtl/RM2025第二轮考核/ros2_ws/install/sentry_description/share/sentry_description/local_setup.zsh
[1.342s] -- Installing: /home/dxtl/RM2025第二轮考核/ros2_ws/install/sentry_description/share/sentry_description/local_setup.dsv
[1.342s] -- Installing: /home/dxtl/RM2025第二轮考核/ros2_ws/install/sentry_description/share/sentry_description/package.dsv
[1.342s] -- Installing: /home/dxtl/RM2025第二轮考核/ros2_ws/install/sentry_description/share/ament_index/resource_index/packages/sentry_description
[1.342s] -- Installing: /home/dxtl/RM2025第二轮考核/ros2_ws/install/sentry_description/share/sentry_description/cmake/sentry_descriptionConfig.cmake
[1.342s] -- Installing: /home/dxtl/RM2025第二轮考核/ros2_ws/install/sentry_description/share/sentry_description/cmake/sentry_descriptionConfig-version.cmake
[1.343s] -- Installing: /home/dxtl/RM2025第二轮考核/ros2_ws/install/sentry_description/share/sentry_description/package.xml
[1.346s] Invoked command in '/home/dxtl/RM2025第二轮考核/ros2_ws/build/sentry_description' returned '0': CMAKE_PREFIX_PATH=/opt/ros/humble /usr/bin/cmake --install /home/dxtl/RM2025第二轮考核/ros2_ws/build/sentry_description
