[0.018s] Invoking command in '/home/dxtl/RM2025第二轮考核/ros2_ws/build/image_fps_processor': CMAKE_PREFIX_PATH=/opt/ros/humble /usr/bin/cmake /home/dxtl/RM2025第二轮考核/ros2_ws/src/image_fps_processor -DCMAKE_INSTALL_PREFIX=/home/dxtl/RM2025第二轮考核/ros2_ws/install/image_fps_processor
[0.145s] -- The C compiler identification is GNU 11.4.0
[0.257s] -- The CXX compiler identification is GNU 11.4.0
[0.271s] -- Detecting C compiler ABI info
[0.393s] -- Detecting C compiler ABI info - done
[0.407s] -- Check for working C compiler: /usr/bin/cc - skipped
[0.409s] -- Detecting C compile features
[0.410s] -- Detecting C compile features - done
[0.416s] -- Detecting CXX compiler ABI info
[0.554s] -- Detecting CXX compiler ABI info - done
[0.568s] -- Check for working CXX compiler: /usr/bin/c++ - skipped
[0.568s] -- Detecting CXX compile features
[0.569s] -- Detecting CXX compile features - done
[0.577s] -- Found ament_cmake: 1.3.10 (/opt/ros/humble/share/ament_cmake/cmake)
[0.862s] -- Found Python3: /usr/bin/python3 (found version "3.10.12") found components: Interpreter 
[1.025s] -- Found rclcpp: 16.0.10 (/opt/ros/humble/share/rclcpp/cmake)
[1.101s] -- Found rosidl_generator_c: 3.1.5 (/opt/ros/humble/share/rosidl_generator_c/cmake)
[1.109s] -- Found rosidl_adapter: 3.1.5 (/opt/ros/humble/share/rosidl_adapter/cmake)
[1.124s] -- Found rosidl_generator_cpp: 3.1.5 (/opt/ros/humble/share/rosidl_generator_cpp/cmake)
[1.149s] -- Using all available rosidl_typesupport_c: rosidl_typesupport_fastrtps_c;rosidl_typesupport_introspection_c
[1.178s] -- Using all available rosidl_typesupport_cpp: rosidl_typesupport_fastrtps_cpp;rosidl_typesupport_introspection_cpp
[1.256s] -- Found rmw_implementation_cmake: 6.1.2 (/opt/ros/humble/share/rmw_implementation_cmake/cmake)
[1.260s] -- Found rmw_fastrtps_cpp: 6.2.7 (/opt/ros/humble/share/rmw_fastrtps_cpp/cmake)
[1.400s] -- Found OpenSSL: /usr/lib/x86_64-linux-gnu/libcrypto.so (found version "3.0.2")  
[1.447s] -- Found FastRTPS: /opt/ros/humble/include  
[1.514s] -- Using RMW implementation 'rmw_fastrtps_cpp' as default
[1.531s] -- Looking for pthread.h
[1.655s] -- Looking for pthread.h - found
[1.656s] -- Performing Test CMAKE_HAVE_LIBC_PTHREAD
[1.781s] -- Performing Test CMAKE_HAVE_LIBC_PTHREAD - Success
[1.783s] -- Found Threads: TRUE  
[1.883s] -- Found sensor_msgs: 4.2.4 (/opt/ros/humble/share/sensor_msgs/cmake)
[1.942s] -- Found cv_bridge: 3.2.1 (/opt/ros/humble/share/cv_bridge/cmake)
[1.962s] -- Found image_transport: 3.1.9 (/opt/ros/humble/share/image_transport/cmake)
[2.027s] [31mCMake Error at CMakeLists.txt:14 (find_package):
[2.027s]   By not providing "Findvision_opencv.cmake" in CMAKE_MODULE_PATH this
[2.027s]   project has asked CMake to find a package configuration file provided by
[2.027s]   "vision_opencv", but CMake did not find one.
[2.027s] 
[2.027s]   Could not find a package configuration file provided by "vision_opencv"
[2.027s]   with any of the following names:
[2.027s] 
[2.027s]     vision_opencvConfig.cmake
[2.028s]     vision_opencv-config.cmake
[2.028s] 
[2.028s]   Add the installation prefix of "vision_opencv" to CMAKE_PREFIX_PATH or set
[2.028s]   "vision_opencv_DIR" to a directory containing one of the above files.  If
[2.028s]   "vision_opencv" provides a separate development package or SDK, be sure it
[2.028s]   has been installed.
[2.028s] 
[2.028s] [0m
[2.028s] -- Configuring incomplete, errors occurred!
[2.028s] See also "/home/dxtl/RM2025第二轮考核/ros2_ws/build/image_fps_processor/CMakeFiles/CMakeOutput.log".
[2.042s] Invoked command in '/home/dxtl/RM2025第二轮考核/ros2_ws/build/image_fps_processor' returned '1': CMAKE_PREFIX_PATH=/opt/ros/humble /usr/bin/cmake /home/dxtl/RM2025第二轮考核/ros2_ws/src/image_fps_processor -DCMAKE_INSTALL_PREFIX=/home/dxtl/RM2025第二轮考核/ros2_ws/install/image_fps_processor
